[T 14:35:19 89643] CodeQL CLI version 2.13.5
[T 14:35:19 89643] Initializing tracer.
[T 14:35:19 89643] Initialising tags...
[T 14:35:19 89643] ID set to 0000000000015E2B_0000000000000001 (parent root)
[T 14:35:19 89643] Initializing tracer.
[T 14:35:19 89643] Initialising tags...
[T 14:35:19 89643] ID set to 0000000000015E2B_0000000000000002 (parent root)
[T 14:35:19 89643] Warning: SEMMLE_EXEC and SEMMLE_EXECP not set. Falling back to path lookup on argv[0].
[T 14:35:19 89643] ==== Candidate to intercept: /Users/hohn/.local/share/gh/extensions/gh-codeql/dist/release/v2.13.5/tools/osx64/runner-osx (canonical: /Users/hohn/.local/share/gh/extensions/gh-codeql/dist/release/v2.13.5/tools/osx64/runner-osx) ====
[T 14:35:19 89643] Lua: === Intercepted call to /users/hohn/.local/share/gh/extensions/gh-codeql/dist/release/v2.13.5/tools/osx64/runner-osx ===
[T 14:35:19 89643] Executing the following tracer actions:
[T 14:35:19 89643] Tracer actions:
[T 14:35:19 89643] pre_invocations(0)
[T 14:35:19 89643] post_invocations(0)
[T 14:35:19 89643] trace_languages(1): [java]
[T 14:35:19 89644] Attempting to switch stdout/stderr to 3...
/Users/hohn/local/codeql-workshop-sql-injection-java/src/java-sqli-ddb5e54/working/copy-root/000001F5/bin/bash.semmle.00015E2B.17982D28.slice.x86_64: replacing existing signature
[T 14:35:34 89643] Initializing tracer.
[T 14:35:34 89643] Initialising tags...
[T 14:35:34 89643] ID set to 0000000000015E2B_0000000000000003 (parent 0000000000015E2B_0000000000000002)
[T 14:35:34 89643] ==== Candidate to intercept: ./build.sh (canonical: /Users/hohn/local/codeql-workshop-sql-injection-java/src/build.sh) ====
[T 14:35:34 89643] Lua: === Intercepted call to /users/hohn/local/codeql-workshop-sql-injection-java/src/build.sh ===
[T 14:35:34 89643] Executing the following tracer actions:
[T 14:35:34 89643] Tracer actions:
[T 14:35:34 89643] pre_invocations(0)
[T 14:35:34 89643] post_invocations(0)
[T 14:35:34 89643] trace_languages(1): [java]
[T 14:35:34 89655] Attempting to switch stdout/stderr to 3...
/Users/hohn/local/codeql-workshop-sql-injection-java/src/java-sqli-ddb5e54/working/copy-root/000001F5/usr/bin/javac.semmle.00015E36.0D65AC18.slice.x86_64: replacing existing signature
[T 14:35:34 89654] Initializing tracer.
[T 14:35:34 89654] Initialising tags...
[T 14:35:34 89654] ID set to 0000000000015E36_0000000000000001 (parent 0000000000015E2B_0000000000000003)
[T 14:35:34 89654] ==== Candidate to intercept: /usr/bin/javac (canonical: /usr/bin/javac) ====
[T 14:35:34 89654] Lua: === Intercepted call to /usr/bin/javac ===
[T 14:35:34 89654] Executing the following tracer actions:
[T 14:35:34 89654] Tracer actions:
[T 14:35:34 89654] pre_invocations(0)
[T 14:35:34 89654] post_invocations(0)
[T 14:35:34 89654] trace_languages(1): [java]
[T 14:35:34 89658] Attempting to switch stdout/stderr to 3...
/Applications/Xcode.app/Contents/Developer/Toolchains/XcodeDefault.xctoolchain/usr/bin/install_name_tool: warning: changes being made to the file will invalidate the code signature in: /Users/hohn/local/codeql-workshop-sql-injection-java/src/java-sqli-ddb5e54/working/copy-root/000001F5/Library/Java/JavaVirtualMachines/openjdk-13.0.2.jdk/Contents/Home/bin/javac.semmle.00015E36.1DA33438.slice.x86_64
/Applications/Xcode.app/Contents/Developer/Toolchains/XcodeDefault.xctoolchain/usr/bin/install_name_tool: warning: changes being made to the file will invalidate the code signature in: /Users/hohn/local/codeql-workshop-sql-injection-java/src/java-sqli-ddb5e54/working/copy-root/000001F5/Library/Java/JavaVirtualMachines/openjdk-13.0.2.jdk/Contents/Home/bin/javac.semmle.00015E36.1DA33438.slice.x86_64
/Users/hohn/local/codeql-workshop-sql-injection-java/src/java-sqli-ddb5e54/working/copy-root/000001F5/Library/Java/JavaVirtualMachines/openjdk-13.0.2.jdk/Contents/Home/bin/javac.semmle.00015E36.1DA33438.slice.x86_64: replacing existing signature
[T 14:35:35 89654] Initializing tracer.
[T 14:35:35 89654] Initialising tags...
[T 14:35:35 89654] ID set to 0000000000015E36_0000000000000002 (parent 0000000000015E36_0000000000000001)
[T 14:35:35 89654] ==== Candidate to intercept: /Library/Java/JavaVirtualMachines/openjdk-13.0.2.jdk/Contents/Home/bin/javac (canonical: /Library/Java/JavaVirtualMachines/openjdk-13.0.2.jdk/Contents/Home/bin/javac) ====
[T 14:35:35 89654] Lua: === Intercepted call to /library/java/javavirtualmachines/openjdk-13.0.2.jdk/contents/home/bin/javac ===
[T 14:35:35 89654] Executing the following tracer actions:
[T 14:35:35 89654] Tracer actions:
[T 14:35:35 89654] pre_invocations(0)
[T 14:35:35 89654] post_invocations(0)
[T 14:35:35 89654] trace_languages(1): [java]
[T 14:35:35 89654] Passing through -javaagent:/Users/hohn/.local/share/gh/extensions/gh-codeql/dist/release/v2.13.5/java/tools/codeql-java-agent.jar=ignore-project,java,kotlin to underlying JVM.
[T 14:35:35 89654] Passing through -Xbootclasspath/a:/Users/hohn/.local/share/gh/extensions/gh-codeql/dist/release/v2.13.5/java/tools/codeql-java-agent.jar to underlying JVM.
[T 14:35:35 89654] Intercepted JVM creation with extra hidden args: ['-javaagent:/Users/hohn/.local/share/gh/extensions/gh-codeql/dist/release/v2.13.5/java/tools/codeql-java-agent.jar=ignore-project,java,kotlin' '-Xbootclasspath/a:/Users/hohn/.local/share/gh/extensions/gh-codeql/dist/release/v2.13.5/java/tools/codeql-java-agent.jar' ] (result: 1, 0).
[T 14:35:36 89665] Attempting to switch stdout/stderr to 19...
[T 14:35:36 89669] Initializing tracer.
[T 14:35:36 89669] Initialising tags...
[T 14:35:36 89669] ID set to 0000000000015E45_0000000000000001 (parent 0000000000015E36_0000000000000002)
[T 14:35:36 89669] ==== Candidate to intercept: /Library/Java/JavaVirtualMachines/openjdk-13.0.2.jdk/Contents/Home/lib/jspawnhelper (canonical: /Library/Java/JavaVirtualMachines/openjdk-13.0.2.jdk/Contents/Home/lib/jspawnhelper) ====
[T 14:35:36 89669] Lua: === Intercepted call to /library/java/javavirtualmachines/openjdk-13.0.2.jdk/contents/home/lib/jspawnhelper ===
[T 14:35:36 89669] Executing the following tracer actions:
[T 14:35:36 89669] Tracer actions:
[T 14:35:36 89669] pre_invocations(0)
[T 14:35:36 89669] post_invocations(0)
[T 14:35:36 89669] trace_languages(1): [java]
[T 14:35:36 89670] Attempting to switch stdout/stderr to 4...
/Applications/Xcode.app/Contents/Developer/Toolchains/XcodeDefault.xctoolchain/usr/bin/install_name_tool: warning: changes being made to the file will invalidate the code signature in: /Users/hohn/local/codeql-workshop-sql-injection-java/src/java-sqli-ddb5e54/working/copy-root/000001F5/Library/Java/JavaVirtualMachines/openjdk-13.0.2.jdk/Contents/Home/bin/java.semmle.00015E45.221BEB18.slice.x86_64
/Applications/Xcode.app/Contents/Developer/Toolchains/XcodeDefault.xctoolchain/usr/bin/install_name_tool: warning: changes being made to the file will invalidate the code signature in: /Users/hohn/local/codeql-workshop-sql-injection-java/src/java-sqli-ddb5e54/working/copy-root/000001F5/Library/Java/JavaVirtualMachines/openjdk-13.0.2.jdk/Contents/Home/bin/java.semmle.00015E45.221BEB18.slice.x86_64
/Users/hohn/local/codeql-workshop-sql-injection-java/src/java-sqli-ddb5e54/working/copy-root/000001F5/Library/Java/JavaVirtualMachines/openjdk-13.0.2.jdk/Contents/Home/bin/java.semmle.00015E45.221BEB18.slice.x86_64: replacing existing signature
[T 14:35:36 89669] Initializing tracer.
[T 14:35:36 89669] Initialising tags...
[T 14:35:36 89669] ID set to 0000000000015E45_0000000000000002 (parent 0000000000015E45_0000000000000001)
[T 14:35:36 89669] ==== Candidate to intercept: /Library/Java/JavaVirtualMachines/openjdk-13.0.2.jdk/Contents/Home/bin/java (canonical: /Library/Java/JavaVirtualMachines/openjdk-13.0.2.jdk/Contents/Home/bin/java) ====
[T 14:35:36 89669] Lua: === Intercepted call to /library/java/javavirtualmachines/openjdk-13.0.2.jdk/contents/home/bin/java ===
[T 14:35:36 89669] Executing the following tracer actions:
[T 14:35:36 89669] Tracer actions:
[T 14:35:36 89669] pre_invocations(0)
[T 14:35:36 89669] post_invocations(0)
[T 14:35:36 89669] trace_languages(1): [java]
[T 14:35:36 89669] Passing through -javaagent:/Users/hohn/.local/share/gh/extensions/gh-codeql/dist/release/v2.13.5/java/tools/codeql-java-agent.jar=ignore-project,java,kotlin to underlying JVM.
[T 14:35:36 89669] Passing through -Xbootclasspath/a:/Users/hohn/.local/share/gh/extensions/gh-codeql/dist/release/v2.13.5/java/tools/codeql-java-agent.jar to underlying JVM.
[T 14:35:36 89669] Intercepted JVM creation with extra hidden args: ['-javaagent:/Users/hohn/.local/share/gh/extensions/gh-codeql/dist/release/v2.13.5/java/tools/codeql-java-agent.jar=ignore-project,java,kotlin' '-Xbootclasspath/a:/Users/hohn/.local/share/gh/extensions/gh-codeql/dist/release/v2.13.5/java/tools/codeql-java-agent.jar' ] (result: 1, 0).
