[2023-08-16 14:35:18] This is codeql database create --language=java -s . -j 8 -v /Users/hohn/local/codeql-workshop-sql-injection-java/src/java-sqli-ddb5e54 --command=./build.sh
[2023-08-16 14:35:18] Log file was started late.
[2023-08-16 14:35:18] [PROGRESS] database create> Initializing database at /Users/hohn/local/codeql-workshop-sql-injection-java/src/java-sqli-ddb5e54.
[2023-08-16 14:35:18] Running plumbing command: codeql database init --language=java --qlconfig-file=/Users/hohn/local/codeql-workshop-sql-injection-java/src/qlconfig.yml --source-root=/Users/hohn/local/codeql-workshop-sql-injection-java/src --allow-missing-source-root=false --allow-already-existing -- /Users/hohn/local/codeql-workshop-sql-injection-java/src/java-sqli-ddb5e54
[2023-08-16 14:35:18] Calling plumbing command: codeql resolve languages --format=json
[2023-08-16 14:35:18] [DETAILS] resolve languages> Scanning for [codeql-extractor.yml] from /Users/hohn/.local/share/gh/extensions/gh-codeql/dist/release/v2.13.5/.codeqlmanifest.json
[2023-08-16 14:35:18] [DETAILS] resolve languages> Parsing /Users/hohn/.local/share/gh/extensions/gh-codeql/dist/release/v2.13.5/go/codeql-extractor.yml.
[2023-08-16 14:35:19] [DETAILS] resolve languages> Parsing /Users/hohn/.local/share/gh/extensions/gh-codeql/dist/release/v2.13.5/python/codeql-extractor.yml.
[2023-08-16 14:35:19] [DETAILS] resolve languages> Parsing /Users/hohn/.local/share/gh/extensions/gh-codeql/dist/release/v2.13.5/java/codeql-extractor.yml.
[2023-08-16 14:35:19] [DETAILS] resolve languages> Parsing /Users/hohn/.local/share/gh/extensions/gh-codeql/dist/release/v2.13.5/html/codeql-extractor.yml.
[2023-08-16 14:35:19] [DETAILS] resolve languages> Parsing /Users/hohn/.local/share/gh/extensions/gh-codeql/dist/release/v2.13.5/xml/codeql-extractor.yml.
[2023-08-16 14:35:19] [DETAILS] resolve languages> Parsing /Users/hohn/.local/share/gh/extensions/gh-codeql/dist/release/v2.13.5/properties/codeql-extractor.yml.
[2023-08-16 14:35:19] [DETAILS] resolve languages> Parsing /Users/hohn/.local/share/gh/extensions/gh-codeql/dist/release/v2.13.5/cpp/codeql-extractor.yml.
[2023-08-16 14:35:19] [DETAILS] resolve languages> Parsing /Users/hohn/.local/share/gh/extensions/gh-codeql/dist/release/v2.13.5/swift/codeql-extractor.yml.
[2023-08-16 14:35:19] [DETAILS] resolve languages> Parsing /Users/hohn/.local/share/gh/extensions/gh-codeql/dist/release/v2.13.5/csv/codeql-extractor.yml.
[2023-08-16 14:35:19] [DETAILS] resolve languages> Parsing /Users/hohn/.local/share/gh/extensions/gh-codeql/dist/release/v2.13.5/yaml/codeql-extractor.yml.
[2023-08-16 14:35:19] [DETAILS] resolve languages> Parsing /Users/hohn/.local/share/gh/extensions/gh-codeql/dist/release/v2.13.5/csharp/codeql-extractor.yml.
[2023-08-16 14:35:19] [DETAILS] resolve languages> Parsing /Users/hohn/.local/share/gh/extensions/gh-codeql/dist/release/v2.13.5/javascript/codeql-extractor.yml.
[2023-08-16 14:35:19] [DETAILS] resolve languages> Parsing /Users/hohn/.local/share/gh/extensions/gh-codeql/dist/release/v2.13.5/ruby/codeql-extractor.yml.
[2023-08-16 14:35:19] Plumbing command codeql resolve languages completed:
                      {
                        "extractors" : {
                          "go" : [
                            {
                              "extractor_root" : "/Users/hohn/.local/share/gh/extensions/gh-codeql/dist/release/v2.13.5/go"
                            }
                          ],
                          "python" : [
                            {
                              "extractor_root" : "/Users/hohn/.local/share/gh/extensions/gh-codeql/dist/release/v2.13.5/python"
                            }
                          ],
                          "java" : [
                            {
                              "extractor_root" : "/Users/hohn/.local/share/gh/extensions/gh-codeql/dist/release/v2.13.5/java",
                              "extractor_options" : {
                                "exclude" : {
                                  "title" : "A glob excluding files from analysis.",
                                  "description" : "A glob indicating what files to exclude from the analysis.\n",
                                  "type" : "string"
                                },
                                "add_prefer_source" : {
                                  "title" : "Whether to always prefer source files over class files.",
                                  "description" : "A value indicating whether source files should be preferred over class files. If set to 'true', the extraction adds '-Xprefer:source' to the javac command line. If set to 'false', the extraction uses the default javac behavior ('-Xprefer:newer'). The default is 'true'.\n",
                                  "type" : "string",
                                  "pattern" : "^(false|true)$"
                                }
                              }
                            }
                          ],
                          "html" : [
                            {
                              "extractor_root" : "/Users/hohn/.local/share/gh/extensions/gh-codeql/dist/release/v2.13.5/html"
                            }
                          ],
                          "xml" : [
                            {
                              "extractor_root" : "/Users/hohn/.local/share/gh/extensions/gh-codeql/dist/release/v2.13.5/xml"
                            }
                          ],
                          "properties" : [
                            {
                              "extractor_root" : "/Users/hohn/.local/share/gh/extensions/gh-codeql/dist/release/v2.13.5/properties"
                            }
                          ],
                          "cpp" : [
                            {
                              "extractor_root" : "/Users/hohn/.local/share/gh/extensions/gh-codeql/dist/release/v2.13.5/cpp"
                            }
                          ],
                          "swift" : [
                            {
                              "extractor_root" : "/Users/hohn/.local/share/gh/extensions/gh-codeql/dist/release/v2.13.5/swift"
                            }
                          ],
                          "csv" : [
                            {
                              "extractor_root" : "/Users/hohn/.local/share/gh/extensions/gh-codeql/dist/release/v2.13.5/csv"
                            }
                          ],
                          "yaml" : [
                            {
                              "extractor_root" : "/Users/hohn/.local/share/gh/extensions/gh-codeql/dist/release/v2.13.5/yaml"
                            }
                          ],
                          "csharp" : [
                            {
                              "extractor_root" : "/Users/hohn/.local/share/gh/extensions/gh-codeql/dist/release/v2.13.5/csharp",
                              "extractor_options" : {
                                "trap" : {
                                  "title" : "Options pertaining to TRAP.",
                                  "description" : "Options pertaining to TRAP.",
                                  "type" : "object",
                                  "properties" : {
                                    "compression" : {
                                      "title" : "Controls compression for the TRAP files written by the extractor.",
                                      "description" : "This option is only intended for use in debugging the extractor. Accepted values are 'brotli' (the default, to write brotli-compressed TRAP), 'gzip', and 'none' (to write uncompressed TRAP).\n",
                                      "type" : "string",
                                      "pattern" : "^(none|gzip|brotli)$"
                                    }
                                  }
                                },
                                "buildless" : {
                                  "title" : "Whether to use buildless (standalone) extraction.",
                                  "description" : "A value indicating, which type of extraction the autobuilder should perform. If 'true', then the standalone extractor will be used, otherwise tracing extraction will be performed. The default is 'false'. Note that buildless extraction will generally yield less accurate analysis results, and should only be used in cases where it is not possible to build the code (for example if it uses inaccessible dependencies).\n",
                                  "type" : "string",
                                  "pattern" : "^(false|true)$"
                                },
                                "cil" : {
                                  "title" : "Whether to enable CIL extraction.",
                                  "description" : "A value indicating, whether CIL extraction should be enabled. The default is 'true'.\n",
                                  "type" : "string",
                                  "pattern" : "^(false|true)$"
                                }
                              }
                            }
                          ],
                          "javascript" : [
                            {
                              "extractor_root" : "/Users/hohn/.local/share/gh/extensions/gh-codeql/dist/release/v2.13.5/javascript",
                              "extractor_options" : { }
                            }
                          ],
                          "ruby" : [
                            {
                              "extractor_root" : "/Users/hohn/.local/share/gh/extensions/gh-codeql/dist/release/v2.13.5/ruby",
                              "extractor_options" : {
                                "trap" : {
                                  "title" : "Options pertaining to TRAP.",
                                  "description" : "Options pertaining to TRAP.",
                                  "type" : "object",
                                  "properties" : {
                                    "compression" : {
                                      "title" : "Controls compression for the TRAP files written by the extractor.",
                                      "description" : "This option is only intended for use in debugging the extractor. Accepted values are 'gzip' (the default, to write gzip-compressed TRAP) and 'none' (to write uncompressed TRAP).\n",
                                      "type" : "string",
                                      "pattern" : "^(none|gzip)$"
                                    }
                                  }
                                }
                              }
                            }
                          ]
                        }
                      }
[2023-08-16 14:35:19] [PROGRESS] database init> Calculating baseline information in /Users/hohn/local/codeql-workshop-sql-injection-java/src
[2023-08-16 14:35:19] [SPAMMY] database init> Ignoring the following directories when processing baseline information: .git, .hg, .svn.
[2023-08-16 14:35:19] [DETAILS] database init> Running command in /Users/hohn/local/codeql-workshop-sql-injection-java/src: /Users/hohn/.local/share/gh/extensions/gh-codeql/dist/release/v2.13.5/tools/osx64/scc --by-file --exclude-dir .git,.hg,.svn --format json --no-large --no-min .
[2023-08-16 14:35:19] [SPAMMY] database init> Found 1 baseline files for java.
[2023-08-16 14:35:19] [PROGRESS] database init> Calculated baseline information for languages: java (79ms).
[2023-08-16 14:35:19] [PROGRESS] database init> Resolving extractor java.
[2023-08-16 14:35:19] [DETAILS] database init> Found candidate extractor root for java: /Users/hohn/.local/share/gh/extensions/gh-codeql/dist/release/v2.13.5/java.
[2023-08-16 14:35:19] [PROGRESS] database init> Successfully loaded extractor Java (java) from /Users/hohn/.local/share/gh/extensions/gh-codeql/dist/release/v2.13.5/java.
[2023-08-16 14:35:19] [PROGRESS] database init> Created skeleton CodeQL database at /Users/hohn/local/codeql-workshop-sql-injection-java/src/java-sqli-ddb5e54. This in-progress database is ready to be populated by an extractor.
[2023-08-16 14:35:19] Plumbing command codeql database init completed.
[2023-08-16 14:35:19] [PROGRESS] database create> Running build command: [./build.sh]
[2023-08-16 14:35:19] Running plumbing command: codeql database trace-command --threads=8 --working-dir=/Users/hohn/local/codeql-workshop-sql-injection-java/src --index-traceless-dbs --no-db-cluster -- /Users/hohn/local/codeql-workshop-sql-injection-java/src/java-sqli-ddb5e54 ./build.sh
[2023-08-16 14:35:19] [PROGRESS] database trace-command> Running command in /Users/hohn/local/codeql-workshop-sql-injection-java/src: [./build.sh]
[2023-08-16 14:35:39] Plumbing command codeql database trace-command completed.
[2023-08-16 14:35:39] [PROGRESS] database create> Finalizing database at /Users/hohn/local/codeql-workshop-sql-injection-java/src/java-sqli-ddb5e54.
[2023-08-16 14:35:39] Running plumbing command: codeql database finalize --threads=8 --mode=normal --no-db-cluster -- /Users/hohn/local/codeql-workshop-sql-injection-java/src/java-sqli-ddb5e54
[2023-08-16 14:35:39] Using pre-finalize script /Users/hohn/.local/share/gh/extensions/gh-codeql/dist/release/v2.13.5/java/tools/pre-finalize.sh.
[2023-08-16 14:35:39] [PROGRESS] database finalize> Running pre-finalize script /Users/hohn/.local/share/gh/extensions/gh-codeql/dist/release/v2.13.5/java/tools/pre-finalize.sh in /Users/hohn/local/codeql-workshop-sql-injection-java/src.
[2023-08-16 14:35:39] Running plumbing command: codeql database trace-command --working-dir=/Users/hohn/local/codeql-workshop-sql-injection-java/src --no-tracing --threads=8 -- /Users/hohn/local/codeql-workshop-sql-injection-java/src/java-sqli-ddb5e54 /Users/hohn/.local/share/gh/extensions/gh-codeql/dist/release/v2.13.5/java/tools/pre-finalize.sh
[2023-08-16 14:35:40] [PROGRESS] database trace-command> Running command in /Users/hohn/local/codeql-workshop-sql-injection-java/src: [/Users/hohn/.local/share/gh/extensions/gh-codeql/dist/release/v2.13.5/java/tools/pre-finalize.sh]
[2023-08-16 14:35:41] [build-stderr] Scanning for files in /Users/hohn/local/codeql-workshop-sql-injection-java/src...
[2023-08-16 14:35:41] Plumbing command codeql database trace-command completed.
[2023-08-16 14:35:41] [PROGRESS] database finalize> Running TRAP import for CodeQL database at /Users/hohn/local/codeql-workshop-sql-injection-java/src/java-sqli-ddb5e54...
[2023-08-16 14:35:41] Running plumbing command: codeql dataset import --dbscheme=/Users/hohn/.local/share/gh/extensions/gh-codeql/dist/release/v2.13.5/java/semmlecode.dbscheme --threads=8 -- /Users/hohn/local/codeql-workshop-sql-injection-java/src/java-sqli-ddb5e54/db-java /Users/hohn/local/codeql-workshop-sql-injection-java/src/java-sqli-ddb5e54/trap/java
[2023-08-16 14:35:41] Clearing disk cache since the version file /Users/hohn/local/codeql-workshop-sql-injection-java/src/java-sqli-ddb5e54/db-java/default/cache/version does not exist
[2023-08-16 14:35:41] Tuple pool not found. Clearing relations with cached strings
[2023-08-16 14:35:41] Trimming disk cache at /Users/hohn/local/codeql-workshop-sql-injection-java/src/java-sqli-ddb5e54/db-java/default/cache in mode brutal.
[2023-08-16 14:35:41] Sequence stamp origin is -6285848954832132111
[2023-08-16 14:35:41] Pausing evaluation to hard-clear memory at sequence stamp o+0
[2023-08-16 14:35:41] Unpausing evaluation
[2023-08-16 14:35:41] Pausing evaluation to quickly trim disk at sequence stamp o+1
[2023-08-16 14:35:41] Unpausing evaluation
[2023-08-16 14:35:41] Pausing evaluation to zealously trim disk at sequence stamp o+2
[2023-08-16 14:35:41] Unpausing evaluation
[2023-08-16 14:35:41] Trimming completed (12ms): Purged everything.
[2023-08-16 14:35:42] Scanning for files in /Users/hohn/local/codeql-workshop-sql-injection-java/src/java-sqli-ddb5e54/trap/java
[2023-08-16 14:35:42] Importing DataOutput.members#57.0-1576056211000-java.trap.gz (6 of 628)
[2023-08-16 14:35:42] Importing Closeable.members#57.0-1576056211000-java.trap.gz (1 of 628)
[2023-08-16 14:35:42] Importing AddUser.members#0.0-1660620342049-java.trap.gz (4 of 628)
[2023-08-16 14:35:42] Importing Console.members#57.0-1576056211000-java.trap.gz (3 of 628)
[2023-08-16 14:35:42] Importing File.members#57.0-1576056211000-java.trap.gz (7 of 628)
[2023-08-16 14:35:42] Importing AddUser.java.trap.gz (2 of 628)
[2023-08-16 14:35:42] Importing DataInput.members#57.0-1576056211000-java.trap.gz (5 of 628)
[2023-08-16 14:35:42] Importing FileDescriptor.members#57.0-1576056211000-java.trap.gz (8 of 628)
[2023-08-16 14:35:42] Importing FileFilter.members#57.0-1576056211000-java.trap.gz (9 of 628)
[2023-08-16 14:35:42] Importing FileNotFoundException.members#57.0-1576056211000-java.trap.gz (10 of 628)
[2023-08-16 14:35:42] Importing FilenameFilter.members#57.0-1576056211000-java.trap.gz (11 of 628)
[2023-08-16 14:35:42] Importing FilterOutputStream.members#57.0-1576056211000-java.trap.gz (12 of 628)
[2023-08-16 14:35:42] Importing Flushable.members#57.0-1576056211000-java.trap.gz (13 of 628)
[2023-08-16 14:35:42] Importing IOException.members#57.0-1576056211000-java.trap.gz (14 of 628)
[2023-08-16 14:35:42] Importing InputStream.members#57.0-1576056211000-java.trap.gz (15 of 628)
[2023-08-16 14:35:42] Importing InvalidClassException.members#57.0-1576056211000-java.trap.gz (16 of 628)
[2023-08-16 14:35:42] Importing InvalidObjectException.members#57.0-1576056211000-java.trap.gz (17 of 628)
[2023-08-16 14:35:42] Importing NotActiveException.members#57.0-1576056211000-java.trap.gz (18 of 628)
[2023-08-16 14:35:42] Importing ObjectInput.members#57.0-1576056211000-java.trap.gz (19 of 628)
[2023-08-16 14:35:42] Importing ObjectInputFilter$FilterInfo.members#57.0-1576056211000-java.trap.gz (20 of 628)
[2023-08-16 14:35:42] Importing ObjectInputFilter$Status.members#57.0-1576056211000-java.trap.gz (21 of 628)
[2023-08-16 14:35:42] Importing ObjectInputFilter.members#57.0-1576056211000-java.trap.gz (22 of 628)
[2023-08-16 14:35:42] Importing ObjectInputStream$GetField.members#57.0-1576056211000-java.trap.gz (23 of 628)
[2023-08-16 14:35:42] Importing ObjectInputStream.members#57.0-1576056211000-java.trap.gz (24 of 628)
[2023-08-16 14:35:42] Importing ObjectInputValidation.members#57.0-1576056211000-java.trap.gz (25 of 628)
[2023-08-16 14:35:42] Importing ObjectOutput.members#57.0-1576056211000-java.trap.gz (26 of 628)
[2023-08-16 14:35:42] Importing ObjectOutputStream$PutField.members#57.0-1576056211000-java.trap.gz (27 of 628)
[2023-08-16 14:35:42] Importing ObjectOutputStream.members#57.0-1576056211000-java.trap.gz (28 of 628)
[2023-08-16 14:35:42] Importing ObjectStreamClass$ClassDataSlot.members#57.0-1576056211000-java.trap.gz (29 of 628)
[2023-08-16 14:35:42] Importing ObjectStreamConstants.members#57.0-1576056211000-java.trap.gz (31 of 628)
[2023-08-16 14:35:42] Importing ObjectStreamClass.members#57.0-1576056211000-java.trap.gz (30 of 628)
[2023-08-16 14:35:42] Importing ObjectStreamException.members#57.0-1576056211000-java.trap.gz (32 of 628)
[2023-08-16 14:35:42] Importing ObjectStreamField.members#57.0-1576056211000-java.trap.gz (33 of 628)
[2023-08-16 14:35:42] Importing OptionalDataException.members#57.0-1576056211000-java.trap.gz (34 of 628)
[2023-08-16 14:35:42] Importing OutputStream.members#57.0-1576056211000-java.trap.gz (35 of 628)
[2023-08-16 14:35:42] Importing PrintStream.members#57.0-1576056211000-java.trap.gz (36 of 628)
[2023-08-16 14:35:42] Importing PrintWriter.members#57.0-1576056211000-java.trap.gz (37 of 628)
[2023-08-16 14:35:42] Importing Reader.members#57.0-1576056211000-java.trap.gz (38 of 628)
[2023-08-16 14:35:42] Importing Serializable.members#57.0-1576056211000-java.trap.gz (39 of 628)
[2023-08-16 14:35:42] Importing SerializablePermission.members#57.0-1576056211000-java.trap.gz (40 of 628)
[2023-08-16 14:35:42] Importing StreamCorruptedException.members#57.0-1576056211000-java.trap.gz (41 of 628)
[2023-08-16 14:35:42] Importing SyncFailedException.members#57.0-1576056211000-java.trap.gz (42 of 628)
[2023-08-16 14:35:42] Importing UnsupportedEncodingException.members#57.0-1576056211000-java.trap.gz (43 of 628)
[2023-08-16 14:35:42] Importing Writer.members#57.0-1576056211000-java.trap.gz (44 of 628)
[2023-08-16 14:35:42] Importing AbstractStringBuilder.members#57.0-1576056211000-java.trap.gz (45 of 628)
[2023-08-16 14:35:42] Importing Appendable.members#57.0-1576056211000-java.trap.gz (46 of 628)
[2023-08-16 14:35:42] Importing ArrayIndexOutOfBoundsException.members#57.0-1576056211000-java.trap.gz (47 of 628)
[2023-08-16 14:35:42] Importing AutoCloseable.members#57.0-1576056211000-java.trap.gz (48 of 628)
[2023-08-16 14:35:42] Importing Boolean.members#57.0-1576056211000-java.trap.gz (49 of 628)
[2023-08-16 14:35:42] Importing CharSequence.members#57.0-1576056211000-java.trap.gz (50 of 628)
[2023-08-16 14:35:42] Importing Character.members#57.0-1576056211000-java.trap.gz (51 of 628)
[2023-08-16 14:35:42] Importing Class.members#57.0-1576056211000-java.trap.gz (52 of 628)
[2023-08-16 14:35:42] Importing ClassFormatError.members#57.0-1576056211000-java.trap.gz (53 of 628)
[2023-08-16 14:35:42] Importing ClassLoader.members#57.0-1576056211000-java.trap.gz (54 of 628)
[2023-08-16 14:35:42] Importing ClassNotFoundException.members#57.0-1576056211000-java.trap.gz (55 of 628)
[2023-08-16 14:35:42] Importing ClassValue$ClassValueMap.members#57.0-1576056211000-java.trap.gz (56 of 628)
[2023-08-16 14:35:42] Importing ClassValue$Entry.members#57.0-1576056211000-java.trap.gz (57 of 628)
[2023-08-16 14:35:42] Importing ClassValue$Identity.members#57.0-1576056211000-java.trap.gz (58 of 628)
[2023-08-16 14:35:42] Importing ClassValue$Version.members#57.0-1576056211000-java.trap.gz (59 of 628)
[2023-08-16 14:35:42] Importing ClassValue.members#57.0-1576056211000-java.trap.gz (60 of 628)
[2023-08-16 14:35:42] Importing CloneNotSupportedException.members#57.0-1576056211000-java.trap.gz (61 of 628)
[2023-08-16 14:35:42] Importing Cloneable.members#57.0-1576056211000-java.trap.gz (62 of 628)
[2023-08-16 14:35:42] Importing Comparable.members#57.0-1576056211000-java.trap.gz (63 of 628)
[2023-08-16 14:35:42] Importing Deprecated.members#57.0-1576056211000-java.trap.gz (64 of 628)
[2023-08-16 14:35:42] Importing Double.members#57.0-1576056211000-java.trap.gz (65 of 628)
[2023-08-16 14:35:42] Importing Enum$EnumDesc.members#57.0-1576056211000-java.trap.gz (66 of 628)
[2023-08-16 14:35:42] Importing Enum.members#57.0-1576056211000-java.trap.gz (67 of 628)
[2023-08-16 14:35:42] Importing Error.members#57.0-1576056211000-java.trap.gz (68 of 628)
[2023-08-16 14:35:42] Importing Exception.members#57.0-1576056211000-java.trap.gz (69 of 628)
[2023-08-16 14:35:42] Importing FunctionalInterface.members#57.0-1576056211000-java.trap.gz (70 of 628)
[2023-08-16 14:35:42] Importing IllegalAccessException.members#57.0-1576056211000-java.trap.gz (71 of 628)
[2023-08-16 14:35:42] Importing IllegalArgumentException.members#57.0-1576056211000-java.trap.gz (72 of 628)
[2023-08-16 14:35:42] Importing IndexOutOfBoundsException.members#57.0-1576056211000-java.trap.gz (73 of 628)
[2023-08-16 14:35:42] Importing InstantiationException.members#57.0-1576056211000-java.trap.gz (74 of 628)
[2023-08-16 14:35:42] Importing Integer.members#57.0-1576056211000-java.trap.gz (75 of 628)
[2023-08-16 14:35:42] Importing InternalError.members#57.0-1576056211000-java.trap.gz (76 of 628)
[2023-08-16 14:35:42] Importing InterruptedException.members#57.0-1576056211000-java.trap.gz (77 of 628)
[2023-08-16 14:35:42] Importing Iterable.members#57.0-1576056211000-java.trap.gz (78 of 628)
[2023-08-16 14:35:42] Importing LinkageError.members#57.0-1576056211000-java.trap.gz (79 of 628)
[2023-08-16 14:35:42] Importing Long.members#57.0-1576056211000-java.trap.gz (80 of 628)
[2023-08-16 14:35:42] Importing Math.members#57.0-1576056211000-java.trap.gz (81 of 628)
[2023-08-16 14:35:42] Importing Module.members#57.0-1576056211000-java.trap.gz (82 of 628)
[2023-08-16 14:35:42] Importing ModuleLayer$Controller.members#57.0-1576056211000-java.trap.gz (83 of 628)
[2023-08-16 14:35:42] Importing ModuleLayer.members#57.0-1576056211000-java.trap.gz (84 of 628)
[2023-08-16 14:35:42] Importing NamedPackage.members#57.0-1576056211000-java.trap.gz (85 of 628)
[2023-08-16 14:35:42] Importing NoSuchFieldException.members#57.0-1576056211000-java.trap.gz (86 of 628)
[2023-08-16 14:35:42] Importing NoSuchMethodException.members#57.0-1576056211000-java.trap.gz (87 of 628)
[2023-08-16 14:35:42] Importing Number.members#57.0-1576056211000-java.trap.gz (88 of 628)
[2023-08-16 14:35:42] Importing NumberFormatException.members#57.0-1576056211000-java.trap.gz (89 of 628)
[2023-08-16 14:35:42] Importing Object.members#57.0-1576056211000-java.trap.gz (90 of 628)
[2023-08-16 14:35:42] Importing Package.members#57.0-1576056211000-java.trap.gz (91 of 628)
[2023-08-16 14:35:42] Importing Readable.members#57.0-1576056211000-java.trap.gz (92 of 628)
[2023-08-16 14:35:42] Importing ReflectiveOperationException.members#57.0-1576056211000-java.trap.gz (93 of 628)
[2023-08-16 14:35:42] Importing Runnable.members#57.0-1576056211000-java.trap.gz (94 of 628)
[2023-08-16 14:35:42] Importing RuntimeException.members#57.0-1576056211000-java.trap.gz (95 of 628)
[2023-08-16 14:35:42] Importing SafeVarargs.members#57.0-1576056211000-java.trap.gz (96 of 628)
[2023-08-16 14:35:42] Importing SecurityException.members#57.0-1576056211000-java.trap.gz (97 of 628)
[2023-08-16 14:35:42] Importing SecurityManager.members#57.0-1576056211000-java.trap.gz (98 of 628)
[2023-08-16 14:35:42] Importing StackFrameInfo.members#57.0-1576056211000-java.trap.gz (99 of 628)
[2023-08-16 14:35:42] Importing StackTraceElement.members#57.0-1576056211000-java.trap.gz (100 of 628)
[2023-08-16 14:35:42] Importing StackWalker$ExtendedOption.members#57.0-1576056211000-java.trap.gz (101 of 628)
[2023-08-16 14:35:42] Importing StackWalker$Option.members#57.0-1576056211000-java.trap.gz (102 of 628)
[2023-08-16 14:35:42] Importing StackWalker$StackFrame.members#57.0-1576056211000-java.trap.gz (103 of 628)
[2023-08-16 14:35:42] Importing StackWalker.members#57.0-1576056211000-java.trap.gz (104 of 628)
[2023-08-16 14:35:42] Importing String.members#57.0-1576056211000-java.trap.gz (105 of 628)
[2023-08-16 14:35:42] Importing StringBuffer.members#57.0-1576056211000-java.trap.gz (106 of 628)
[2023-08-16 14:35:42] Importing StringBuilder.members#57.0-1576056211000-java.trap.gz (107 of 628)
[2023-08-16 14:35:42] Importing System$Logger$Level.members#57.0-1576056211000-java.trap.gz (108 of 628)
[2023-08-16 14:35:42] Importing System$Logger.members#57.0-1576056211000-java.trap.gz (109 of 628)
[2023-08-16 14:35:42] Importing System.members#57.0-1576056211000-java.trap.gz (110 of 628)
[2023-08-16 14:35:42] Importing Thread$State.members#57.0-1576056211000-java.trap.gz (111 of 628)
[2023-08-16 14:35:42] Importing Thread$UncaughtExceptionHandler.members#57.0-1576056211000-java.trap.gz (112 of 628)
[2023-08-16 14:35:42] Importing Thread.members#57.0-1576056211000-java.trap.gz (113 of 628)
[2023-08-16 14:35:42] Importing ThreadGroup.members#57.0-1576056211000-java.trap.gz (114 of 628)
[2023-08-16 14:35:42] Importing ThreadLocal$ThreadLocalMap.members#57.0-1576056211000-java.trap.gz (115 of 628)
[2023-08-16 14:35:42] Importing ThreadLocal.members#57.0-1576056211000-java.trap.gz (116 of 628)
[2023-08-16 14:35:42] Importing TypeNotPresentException.members#57.0-1576056211000-java.trap.gz (118 of 628)
[2023-08-16 14:35:42] Importing Throwable.members#57.0-1576056211000-java.trap.gz (117 of 628)
[2023-08-16 14:35:42] Importing UnsupportedOperationException.members#57.0-1576056211000-java.trap.gz (119 of 628)
[2023-08-16 14:35:42] Importing VirtualMachineError.members#57.0-1576056211000-java.trap.gz (120 of 628)
[2023-08-16 14:35:42] Importing Void.members#57.0-1576056211000-java.trap.gz (121 of 628)
[2023-08-16 14:35:42] Importing Documented.members#57.0-1576056211000-java.trap.gz (123 of 628)
[2023-08-16 14:35:42] Importing Annotation.members#57.0-1576056211000-java.trap.gz (122 of 628)
[2023-08-16 14:35:42] Importing ElementType.members#57.0-1576056211000-java.trap.gz (124 of 628)
[2023-08-16 14:35:42] Importing RetentionPolicy.members#57.0-1576056211000-java.trap.gz (126 of 628)
[2023-08-16 14:35:42] Importing Retention.members#57.0-1576056211000-java.trap.gz (125 of 628)
[2023-08-16 14:35:42] Importing Target.members#57.0-1576056211000-java.trap.gz (127 of 628)
[2023-08-16 14:35:42] Importing ClassDesc.members#57.0-1576056211000-java.trap.gz (128 of 628)
[2023-08-16 14:35:42] Importing Constable.members#57.0-1576056211000-java.trap.gz (129 of 628)
[2023-08-16 14:35:42] Importing ConstantDesc.members#57.0-1576056211000-java.trap.gz (130 of 628)
[2023-08-16 14:35:42] Importing DirectMethodHandleDesc$Kind.members#57.0-1576056211000-java.trap.gz (131 of 628)
[2023-08-16 14:35:42] Importing DirectMethodHandleDesc.members#57.0-1576056211000-java.trap.gz (132 of 628)
[2023-08-16 14:35:42] Importing DynamicConstantDesc.members#57.0-1576056211000-java.trap.gz (133 of 628)
[2023-08-16 14:35:42] Importing MethodHandleDesc.members#57.0-1576056211000-java.trap.gz (134 of 628)
[2023-08-16 14:35:42] Importing MethodTypeDesc.members#57.0-1576056211000-java.trap.gz (135 of 628)
[2023-08-16 14:35:42] Importing BoundMethodHandle$Specializer$Factory.members#57.0-1576056211000-java.trap.gz (136 of 628)
[2023-08-16 14:35:42] Importing BoundMethodHandle$Specializer.members#57.0-1576056211000-java.trap.gz (137 of 628)
[2023-08-16 14:35:42] Importing BoundMethodHandle$SpeciesData.members#57.0-1576056211000-java.trap.gz (138 of 628)
[2023-08-16 14:35:42] Importing BoundMethodHandle.members#57.0-1576056211000-java.trap.gz (139 of 628)
[2023-08-16 14:35:42] Importing CallSite.members#57.0-1576056211000-java.trap.gz (140 of 628)
[2023-08-16 14:35:42] Importing ClassSpecializer$Factory.members#57.0-1576056211000-java.trap.gz (141 of 628)
[2023-08-16 14:35:42] Importing ClassSpecializer$SpeciesData.members#57.0-1576056211000-java.trap.gz (142 of 628)
[2023-08-16 14:35:42] Importing ClassSpecializer.members#57.0-1576056211000-java.trap.gz (143 of 628)
[2023-08-16 14:35:42] Importing DirectMethodHandle.members#57.0-1576056211000-java.trap.gz (144 of 628)
[2023-08-16 14:35:42] Importing Invokers.members#57.0-1576056211000-java.trap.gz (145 of 628)
[2023-08-16 14:35:42] Importing LambdaForm$BasicType.members#57.0-1576056211000-java.trap.gz (146 of 628)
[2023-08-16 14:35:42] Importing LambdaForm$Kind.members#57.0-1576056211000-java.trap.gz (147 of 628)
[2023-08-16 14:35:42] Importing LambdaForm$Name.members#57.0-1576056211000-java.trap.gz (148 of 628)
[2023-08-16 14:35:42] Importing LambdaForm$NamedFunction.members#57.0-1576056211000-java.trap.gz (149 of 628)
[2023-08-16 14:35:42] Importing LambdaForm.members#57.0-1576056211000-java.trap.gz (150 of 628)
[2023-08-16 14:35:42] Importing LambdaFormEditor.members#57.0-1576056211000-java.trap.gz (151 of 628)
[2023-08-16 14:35:42] Importing MemberName$Factory.members#57.0-1576056211000-java.trap.gz (152 of 628)
[2023-08-16 14:35:42] Importing MemberName.members#57.0-1576056211000-java.trap.gz (153 of 628)
[2023-08-16 14:35:42] Importing MethodHandle$PolymorphicSignature.members#57.0-1576056211000-java.trap.gz (154 of 628)
[2023-08-16 14:35:42] Importing MethodHandle.members#57.0-1576056211000-java.trap.gz (155 of 628)
[2023-08-16 14:35:42] Importing MethodHandleImpl$ArrayAccess.members#57.0-1576056211000-java.trap.gz (156 of 628)
[2023-08-16 14:35:42] Importing MethodHandleImpl$Intrinsic.members#57.0-1576056211000-java.trap.gz (157 of 628)
[2023-08-16 14:35:42] Importing MethodHandleImpl$LoopClauses.members#57.0-1576056211000-java.trap.gz (158 of 628)
[2023-08-16 14:35:42] Importing MethodHandleImpl.members#57.0-1576056211000-java.trap.gz (159 of 628)
[2023-08-16 14:35:42] Importing MethodHandleInfo.members#57.0-1576056211000-java.trap.gz (160 of 628)
[2023-08-16 14:35:42] Importing MethodHandles$Lookup.members#57.0-1576056211000-java.trap.gz (161 of 628)
[2023-08-16 14:35:42] Importing MethodHandles.members#57.0-1576056211000-java.trap.gz (162 of 628)
[2023-08-16 14:35:42] Importing MethodType$ConcurrentWeakInternSet.members#57.0-1576056211000-java.trap.gz (163 of 628)
[2023-08-16 14:35:42] Importing MethodType.members#57.0-1576056211000-java.trap.gz (164 of 628)
[2023-08-16 14:35:42] Importing MethodTypeForm.members#57.0-1576056211000-java.trap.gz (165 of 628)
[2023-08-16 14:35:42] Importing TypeDescriptor$OfField.members#57.0-1576056211000-java.trap.gz (166 of 628)
[2023-08-16 14:35:42] Importing TypeDescriptor$OfMethod.members#57.0-1576056211000-java.trap.gz (167 of 628)
[2023-08-16 14:35:42] Importing TypeDescriptor.members#57.0-1576056211000-java.trap.gz (168 of 628)
[2023-08-16 14:35:42] Importing VarForm.members#57.0-1576056211000-java.trap.gz (169 of 628)
[2023-08-16 14:35:42] Importing VarHandle$AccessDescriptor.members#57.0-1576056211000-java.trap.gz (170 of 628)
[2023-08-16 14:35:42] Importing VarHandle$AccessMode.members#57.0-1576056211000-java.trap.gz (171 of 628)
[2023-08-16 14:35:42] Importing VarHandle$AccessType.members#57.0-1576056211000-java.trap.gz (172 of 628)
[2023-08-16 14:35:42] Importing VarHandle$TypesAndInvokers.members#57.0-1576056211000-java.trap.gz (173 of 628)
[2023-08-16 14:35:42] Importing VarHandle$VarHandleDesc.members#57.0-1576056211000-java.trap.gz (174 of 628)
[2023-08-16 14:35:42] Importing VarHandle.members#57.0-1576056211000-java.trap.gz (175 of 628)
[2023-08-16 14:35:42] Importing WrongMethodTypeException.members#57.0-1576056211000-java.trap.gz (176 of 628)
[2023-08-16 14:35:42] Importing Configuration.members#57.0-1576056211000-java.trap.gz (177 of 628)
[2023-08-16 14:35:42] Importing ModuleDescriptor$Builder.members#57.0-1576056211000-java.trap.gz (178 of 628)
[2023-08-16 14:35:42] Importing ModuleDescriptor$Exports$Modifier.members#57.0-1576056211000-java.trap.gz (179 of 628)
[2023-08-16 14:35:42] Importing ModuleDescriptor$Exports.members#57.0-1576056211000-java.trap.gz (180 of 628)
[2023-08-16 14:35:42] Importing ModuleDescriptor$Modifier.members#57.0-1576056211000-java.trap.gz (181 of 628)
[2023-08-16 14:35:42] Importing ModuleDescriptor$Opens$Modifier.members#57.0-1576056211000-java.trap.gz (182 of 628)
[2023-08-16 14:35:42] Importing ModuleDescriptor$Opens.members#57.0-1576056211000-java.trap.gz (183 of 628)
[2023-08-16 14:35:42] Importing ModuleDescriptor$Provides.members#57.0-1576056211000-java.trap.gz (184 of 628)
[2023-08-16 14:35:42] Importing ModuleDescriptor$Requires$Modifier.members#57.0-1576056211000-java.trap.gz (185 of 628)
[2023-08-16 14:35:42] Importing ModuleDescriptor$Requires.members#57.0-1576056211000-java.trap.gz (186 of 628)
[2023-08-16 14:35:42] Importing ModuleDescriptor$Version.members#57.0-1576056211000-java.trap.gz (187 of 628)
[2023-08-16 14:35:42] Importing ModuleDescriptor.members#57.0-1576056211000-java.trap.gz (188 of 628)
[2023-08-16 14:35:42] Importing ModuleFinder.members#57.0-1576056211000-java.trap.gz (189 of 628)
[2023-08-16 14:35:42] Importing ModuleReader.members#57.0-1576056211000-java.trap.gz (190 of 628)
[2023-08-16 14:35:42] Importing ModuleReference.members#57.0-1576056211000-java.trap.gz (191 of 628)
[2023-08-16 14:35:42] Importing ResolvedModule.members#57.0-1576056211000-java.trap.gz (192 of 628)
[2023-08-16 14:35:42] Importing Cleaner$Cleanable.members#57.0-1576056211000-java.trap.gz (193 of 628)
[2023-08-16 14:35:42] Importing Cleaner.members#57.0-1576056211000-java.trap.gz (194 of 628)
[2023-08-16 14:35:42] Importing PhantomReference.members#57.0-1576056211000-java.trap.gz (195 of 628)
[2023-08-16 14:35:42] Importing Reference.members#57.0-1576056211000-java.trap.gz (196 of 628)
[2023-08-16 14:35:42] Importing ReferenceQueue.members#57.0-1576056211000-java.trap.gz (197 of 628)
[2023-08-16 14:35:42] Importing SoftReference.members#57.0-1576056211000-java.trap.gz (198 of 628)
[2023-08-16 14:35:42] Importing WeakReference.members#57.0-1576056211000-java.trap.gz (199 of 628)
[2023-08-16 14:35:42] Importing AccessibleObject.members#57.0-1576056211000-java.trap.gz (200 of 628)
[2023-08-16 14:35:42] Importing AnnotatedElement.members#57.0-1576056211000-java.trap.gz (201 of 628)
[2023-08-16 14:35:42] Importing AnnotatedType.members#57.0-1576056211000-java.trap.gz (202 of 628)
[2023-08-16 14:35:42] Importing Constructor.members#57.0-1576056211000-java.trap.gz (203 of 628)
[2023-08-16 14:35:42] Importing Executable.members#57.0-1576056211000-java.trap.gz (204 of 628)
[2023-08-16 14:35:42] Importing Field.members#57.0-1576056211000-java.trap.gz (205 of 628)
[2023-08-16 14:35:42] Importing GenericDeclaration.members#57.0-1576056211000-java.trap.gz (206 of 628)
[2023-08-16 14:35:42] Importing InvocationTargetException.members#57.0-1576056211000-java.trap.gz (207 of 628)
[2023-08-16 14:35:42] Importing Member.members#57.0-1576056211000-java.trap.gz (208 of 628)
[2023-08-16 14:35:42] Importing Method.members#57.0-1576056211000-java.trap.gz (209 of 628)
[2023-08-16 14:35:42] Importing Parameter.members#57.0-1576056211000-java.trap.gz (210 of 628)
[2023-08-16 14:35:42] Importing ParameterizedType.members#57.0-1576056211000-java.trap.gz (211 of 628)
[2023-08-16 14:35:42] Importing Type.members#57.0-1576056211000-java.trap.gz (212 of 628)
[2023-08-16 14:35:42] Importing TypeVariable.members#57.0-1576056211000-java.trap.gz (213 of 628)
[2023-08-16 14:35:42] Importing WildcardType.members#57.0-1576056211000-java.trap.gz (214 of 628)
[2023-08-16 14:35:42] Importing BigDecimal.members#57.0-1576056211000-java.trap.gz (215 of 628)
[2023-08-16 14:35:42] Importing BigInteger.members#57.0-1576056211000-java.trap.gz (216 of 628)
[2023-08-16 14:35:42] Importing MathContext.members#57.0-1576056211000-java.trap.gz (217 of 628)
[2023-08-16 14:35:42] Importing RoundingMode.members#57.0-1576056211000-java.trap.gz (218 of 628)
[2023-08-16 14:35:42] Importing ContentHandler.members#57.0-1576056211000-java.trap.gz (219 of 628)
[2023-08-16 14:35:42] Importing ContentHandlerFactory.members#57.0-1576056211000-java.trap.gz (220 of 628)
[2023-08-16 14:35:42] Importing FileNameMap.members#57.0-1576056211000-java.trap.gz (221 of 628)
[2023-08-16 14:35:42] Importing InetAddress$InetAddressHolder.members#57.0-1576056211000-java.trap.gz (222 of 628)
[2023-08-16 14:35:42] Importing InetAddress.members#57.0-1576056211000-java.trap.gz (223 of 628)
[2023-08-16 14:35:42] Importing InetAddressImpl.members#57.0-1576056211000-java.trap.gz (224 of 628)
[2023-08-16 14:35:42] Importing InterfaceAddress.members#57.0-1576056211000-java.trap.gz (225 of 628)
[2023-08-16 14:35:42] Importing MalformedURLException.members#57.0-1576056211000-java.trap.gz (226 of 628)
[2023-08-16 14:35:42] Importing NetworkInterface.members#57.0-1576056211000-java.trap.gz (227 of 628)
[2023-08-16 14:35:42] Importing Proxy$Type.members#57.0-1576056211000-java.trap.gz (228 of 628)
[2023-08-16 14:35:42] Importing Proxy.members#57.0-1576056211000-java.trap.gz (229 of 628)
[2023-08-16 14:35:42] Importing SocketAddress.members#57.0-1576056211000-java.trap.gz (230 of 628)
[2023-08-16 14:35:42] Importing SocketException.members#57.0-1576056211000-java.trap.gz (231 of 628)
[2023-08-16 14:35:42] Importing URI.members#57.0-1576056211000-java.trap.gz (232 of 628)
[2023-08-16 14:35:42] Importing URISyntaxException.members#57.0-1576056211000-java.trap.gz (233 of 628)
[2023-08-16 14:35:42] Importing URL.members#57.0-1576056211000-java.trap.gz (234 of 628)
[2023-08-16 14:35:42] Importing URLConnection.members#57.0-1576056211000-java.trap.gz (235 of 628)
[2023-08-16 14:35:42] Importing URLStreamHandler.members#57.0-1576056211000-java.trap.gz (236 of 628)
[2023-08-16 14:35:42] Importing UnknownHostException.members#57.0-1576056211000-java.trap.gz (238 of 628)
[2023-08-16 14:35:42] Importing URLStreamHandlerFactory.members#57.0-1576056211000-java.trap.gz (237 of 628)
[2023-08-16 14:35:42] Importing Buffer.members#57.0-1576056211000-java.trap.gz (239 of 628)
[2023-08-16 14:35:42] Importing ByteBuffer.members#57.0-1576056211000-java.trap.gz (240 of 628)
[2023-08-16 14:35:42] Importing ByteOrder.members#57.0-1576056211000-java.trap.gz (241 of 628)
[2023-08-16 14:35:42] Importing CharBuffer.members#57.0-1576056211000-java.trap.gz (242 of 628)
[2023-08-16 14:35:42] Importing DoubleBuffer.members#57.0-1576056211000-java.trap.gz (243 of 628)
[2023-08-16 14:35:42] Importing FloatBuffer.members#57.0-1576056211000-java.trap.gz (244 of 628)
[2023-08-16 14:35:42] Importing IntBuffer.members#57.0-1576056211000-java.trap.gz (245 of 628)
[2023-08-16 14:35:42] Importing LongBuffer.members#57.0-1576056211000-java.trap.gz (246 of 628)
[2023-08-16 14:35:42] Importing MappedByteBuffer.members#57.0-1576056211000-java.trap.gz (247 of 628)
[2023-08-16 14:35:42] Importing ShortBuffer.members#57.0-1576056211000-java.trap.gz (249 of 628)
[2023-08-16 14:35:42] Importing AsynchronousChannel.members#57.0-1576056211000-java.trap.gz (248 of 628)
[2023-08-16 14:35:42] Importing AsynchronousCloseException.members#57.0-1576056211000-java.trap.gz (250 of 628)
[2023-08-16 14:35:42] Importing AsynchronousFileChannel.members#57.0-1576056211000-java.trap.gz (251 of 628)
[2023-08-16 14:35:42] Importing ByteChannel.members#57.0-1576056211000-java.trap.gz (252 of 628)
[2023-08-16 14:35:42] Importing Channel.members#57.0-1576056211000-java.trap.gz (253 of 628)
[2023-08-16 14:35:42] Importing ClosedChannelException.members#57.0-1576056211000-java.trap.gz (254 of 628)
[2023-08-16 14:35:42] Importing CompletionHandler.members#57.0-1576056211000-java.trap.gz (255 of 628)
[2023-08-16 14:35:42] Importing FileChannel$MapMode.members#57.0-1576056211000-java.trap.gz (256 of 628)
[2023-08-16 14:35:42] Importing FileChannel.members#57.0-1576056211000-java.trap.gz (257 of 628)
[2023-08-16 14:35:42] Importing FileLock.members#57.0-1576056211000-java.trap.gz (258 of 628)
[2023-08-16 14:35:42] Importing GatheringByteChannel.members#57.0-1576056211000-java.trap.gz (259 of 628)
[2023-08-16 14:35:42] Importing InterruptibleChannel.members#57.0-1576056211000-java.trap.gz (260 of 628)
[2023-08-16 14:35:42] Importing ReadableByteChannel.members#57.0-1576056211000-java.trap.gz (261 of 628)
[2023-08-16 14:35:42] Importing ScatteringByteChannel.members#57.0-1576056211000-java.trap.gz (262 of 628)
[2023-08-16 14:35:42] Importing SeekableByteChannel.members#57.0-1576056211000-java.trap.gz (263 of 628)
[2023-08-16 14:35:42] Importing WritableByteChannel.members#57.0-1576056211000-java.trap.gz (264 of 628)
[2023-08-16 14:35:42] Importing AbstractInterruptibleChannel.members#57.0-1576056211000-java.trap.gz (265 of 628)
[2023-08-16 14:35:42] Importing CharacterCodingException.members#57.0-1576056211000-java.trap.gz (266 of 628)
[2023-08-16 14:35:42] Importing Charset.members#57.0-1576056211000-java.trap.gz (267 of 628)
[2023-08-16 14:35:42] Importing CharsetDecoder.members#57.0-1576056211000-java.trap.gz (268 of 628)
[2023-08-16 14:35:42] Importing CharsetEncoder.members#57.0-1576056211000-java.trap.gz (269 of 628)
[2023-08-16 14:35:42] Importing CoderResult.members#57.0-1576056211000-java.trap.gz (270 of 628)
[2023-08-16 14:35:42] Importing CodingErrorAction.members#57.0-1576056211000-java.trap.gz (271 of 628)
[2023-08-16 14:35:42] Importing AccessMode.members#57.0-1576056211000-java.trap.gz (272 of 628)
[2023-08-16 14:35:42] Importing CopyOption.members#57.0-1576056211000-java.trap.gz (273 of 628)
[2023-08-16 14:35:42] Importing DirectoryStream$Filter.members#57.0-1576056211000-java.trap.gz (274 of 628)
[2023-08-16 14:35:42] Importing DirectoryStream.members#57.0-1576056211000-java.trap.gz (275 of 628)
[2023-08-16 14:35:42] Importing FileStore.members#57.0-1576056211000-java.trap.gz (276 of 628)
[2023-08-16 14:35:42] Importing FileSystem.members#57.0-1576056211000-java.trap.gz (277 of 628)
[2023-08-16 14:35:42] Importing LinkOption.members#57.0-1576056211000-java.trap.gz (278 of 628)
[2023-08-16 14:35:42] Importing OpenOption.members#57.0-1576056211000-java.trap.gz (279 of 628)
[2023-08-16 14:35:42] Importing Path.members#57.0-1576056211000-java.trap.gz (280 of 628)
[2023-08-16 14:35:42] Importing PathMatcher.members#57.0-1576056211000-java.trap.gz (281 of 628)
[2023-08-16 14:35:42] Importing WatchEvent$Kind.members#57.0-1576056211000-java.trap.gz (282 of 628)
[2023-08-16 14:35:42] Importing WatchEvent$Modifier.members#57.0-1576056211000-java.trap.gz (283 of 628)
[2023-08-16 14:35:42] Importing WatchEvent.members#57.0-1576056211000-java.trap.gz (284 of 628)
[2023-08-16 14:35:42] Importing WatchKey.members#57.0-1576056211000-java.trap.gz (285 of 628)
[2023-08-16 14:35:42] Importing WatchService.members#57.0-1576056211000-java.trap.gz (286 of 628)
[2023-08-16 14:35:42] Importing Watchable.members#57.0-1576056211000-java.trap.gz (287 of 628)
[2023-08-16 14:35:42] Importing AttributeView.members#57.0-1576056211000-java.trap.gz (288 of 628)
[2023-08-16 14:35:42] Importing BasicFileAttributes.members#57.0-1576056211000-java.trap.gz (289 of 628)
[2023-08-16 14:35:42] Importing FileAttribute.members#57.0-1576056211000-java.trap.gz (290 of 628)
[2023-08-16 14:35:42] Importing FileAttributeView.members#57.0-1576056211000-java.trap.gz (291 of 628)
[2023-08-16 14:35:42] Importing FileStoreAttributeView.members#57.0-1576056211000-java.trap.gz (292 of 628)
[2023-08-16 14:35:42] Importing FileTime.members#57.0-1576056211000-java.trap.gz (293 of 628)
[2023-08-16 14:35:42] Importing GroupPrincipal.members#57.0-1576056211000-java.trap.gz (294 of 628)
[2023-08-16 14:35:42] Importing UserPrincipal.members#57.0-1576056211000-java.trap.gz (295 of 628)
[2023-08-16 14:35:42] Importing UserPrincipalLookupService.members#57.0-1576056211000-java.trap.gz (296 of 628)
[2023-08-16 14:35:42] Importing FileSystemProvider.members#57.0-1576056211000-java.trap.gz (297 of 628)
[2023-08-16 14:35:42] Importing AccessControlContext.members#57.0-1576056211000-java.trap.gz (298 of 628)
[2023-08-16 14:35:42] Importing AccessControlException.members#57.0-1576056211000-java.trap.gz (299 of 628)
[2023-08-16 14:35:42] Importing BasicPermission.members#57.0-1576056211000-java.trap.gz (300 of 628)
[2023-08-16 14:35:42] Importing CodeSigner.members#57.0-1576056211000-java.trap.gz (301 of 628)
[2023-08-16 14:35:42] Importing CodeSource.members#57.0-1576056211000-java.trap.gz (302 of 628)
[2023-08-16 14:35:42] Importing DomainCombiner.members#57.0-1576056211000-java.trap.gz (303 of 628)
[2023-08-16 14:35:42] Importing GeneralSecurityException.members#57.0-1576056211000-java.trap.gz (304 of 628)
[2023-08-16 14:35:42] Importing Guard.members#57.0-1576056211000-java.trap.gz (305 of 628)
[2023-08-16 14:35:42] Importing InvalidKeyException.members#57.0-1576056211000-java.trap.gz (306 of 628)
[2023-08-16 14:35:42] Importing Key.members#57.0-1576056211000-java.trap.gz (307 of 628)
[2023-08-16 14:35:42] Importing KeyException.members#57.0-1576056211000-java.trap.gz (308 of 628)
[2023-08-16 14:35:42] Importing NoSuchAlgorithmException.members#57.0-1576056211000-java.trap.gz (309 of 628)
[2023-08-16 14:35:42] Importing NoSuchProviderException.members#57.0-1576056211000-java.trap.gz (310 of 628)
[2023-08-16 14:35:42] Importing Permission.members#57.0-1576056211000-java.trap.gz (311 of 628)
[2023-08-16 14:35:42] Importing PermissionCollection.members#57.0-1576056211000-java.trap.gz (312 of 628)
[2023-08-16 14:35:42] Importing Principal.members#57.0-1576056211000-java.trap.gz (313 of 628)
[2023-08-16 14:35:42] Importing PrivilegedAction.members#57.0-1576056211000-java.trap.gz (314 of 628)
[2023-08-16 14:35:42] Importing PrivilegedActionException.members#57.0-1576056211000-java.trap.gz (315 of 628)
[2023-08-16 14:35:42] Importing PrivilegedExceptionAction.members#57.0-1576056211000-java.trap.gz (316 of 628)
[2023-08-16 14:35:42] Importing ProtectionDomain$Key.members#57.0-1576056211000-java.trap.gz (317 of 628)
[2023-08-16 14:35:42] Importing ProtectionDomain.members#57.0-1576056211000-java.trap.gz (318 of 628)
[2023-08-16 14:35:42] Importing Provider$Service.members#57.0-1576056211000-java.trap.gz (319 of 628)
[2023-08-16 14:35:42] Importing PublicKey.members#57.0-1576056211000-java.trap.gz (320 of 628)
[2023-08-16 14:35:42] Importing Provider.members#57.0-1576056211000-java.trap.gz (321 of 628)
[2023-08-16 14:35:42] Importing SignatureException.members#57.0-1576056211000-java.trap.gz (322 of 628)
[2023-08-16 14:35:42] Importing Timestamp.members#57.0-1576056211000-java.trap.gz (323 of 628)
[2023-08-16 14:35:42] Importing CertPath.members#57.0-1576056211000-java.trap.gz (324 of 628)
[2023-08-16 14:35:42] Importing Certificate.members#57.0-1576056211000-java.trap.gz (325 of 628)
[2023-08-16 14:35:42] Importing CertificateEncodingException.members#57.0-1576056211000-java.trap.gz (326 of 628)
[2023-08-16 14:35:42] Importing CertificateException.members#57.0-1576056211000-java.trap.gz (327 of 628)
[2023-08-16 14:35:42] Importing Array.members#57.0-1576056211000-java.trap.gz (328 of 628)
[2023-08-16 14:35:42] Importing Blob.members#57.0-1576056211000-java.trap.gz (329 of 628)
[2023-08-16 14:35:42] Importing CallableStatement.members#57.0-1576056211000-java.trap.gz (330 of 628)
[2023-08-16 14:35:42] Importing ClientInfoStatus.members#57.0-1576056211000-java.trap.gz (331 of 628)
[2023-08-16 14:35:42] Importing Clob.members#57.0-1576056211000-java.trap.gz (332 of 628)
[2023-08-16 14:35:42] Importing Connection.members#57.0-1576056211000-java.trap.gz (333 of 628)
[2023-08-16 14:35:42] Importing DatabaseMetaData.members#57.0-1576056211000-java.trap.gz (334 of 628)
[2023-08-16 14:35:42] Importing Date.members#57.0-1576056211000-java.trap.gz (335 of 628)
[2023-08-16 14:35:42] Importing Driver.members#57.0-1576056211000-java.trap.gz (336 of 628)
[2023-08-16 14:35:42] Importing DriverAction.members#57.0-1576056211000-java.trap.gz (337 of 628)
[2023-08-16 14:35:42] Importing DriverManager.members#57.0-1576056211000-java.trap.gz (338 of 628)
[2023-08-16 14:35:42] Importing DriverPropertyInfo.members#57.0-1576056211000-java.trap.gz (339 of 628)
[2023-08-16 14:35:42] Importing NClob.members#57.0-1576056211000-java.trap.gz (340 of 628)
[2023-08-16 14:35:42] Importing ParameterMetaData.members#57.0-1576056211000-java.trap.gz (341 of 628)
[2023-08-16 14:35:42] Importing PreparedStatement.members#57.0-1576056211000-java.trap.gz (342 of 628)
[2023-08-16 14:35:42] Importing Ref.members#57.0-1576056211000-java.trap.gz (343 of 628)
[2023-08-16 14:35:42] Importing ResultSet.members#57.0-1576056211000-java.trap.gz (344 of 628)
[2023-08-16 14:35:42] Importing ResultSetMetaData.members#57.0-1576056211000-java.trap.gz (345 of 628)
[2023-08-16 14:35:42] Importing RowId.members#57.0-1576056211000-java.trap.gz (346 of 628)
[2023-08-16 14:35:42] Importing RowIdLifetime.members#57.0-1576056211000-java.trap.gz (347 of 628)
[2023-08-16 14:35:42] Importing SQLClientInfoException.members#57.0-1576056211000-java.trap.gz (348 of 628)
[2023-08-16 14:35:42] Importing SQLException.members#57.0-1576056211000-java.trap.gz (349 of 628)
[2023-08-16 14:35:42] Importing SQLFeatureNotSupportedException.members#57.0-1576056211000-java.trap.gz (350 of 628)
[2023-08-16 14:35:42] Importing SQLNonTransientException.members#57.0-1576056211000-java.trap.gz (351 of 628)
[2023-08-16 14:35:42] Importing SQLPermission.members#57.0-1576056211000-java.trap.gz (352 of 628)
[2023-08-16 14:35:42] Importing SQLType.members#57.0-1576056211000-java.trap.gz (353 of 628)
[2023-08-16 14:35:42] Importing SQLWarning.members#57.0-1576056211000-java.trap.gz (354 of 628)
[2023-08-16 14:35:42] Importing SQLXML.members#57.0-1576056211000-java.trap.gz (355 of 628)
[2023-08-16 14:35:42] Importing Savepoint.members#57.0-1576056211000-java.trap.gz (356 of 628)
[2023-08-16 14:35:42] Importing ShardingKey.members#57.0-1576056211000-java.trap.gz (357 of 628)
[2023-08-16 14:35:42] Importing Statement.members#57.0-1576056211000-java.trap.gz (358 of 628)
[2023-08-16 14:35:42] Importing Struct.members#57.0-1576056211000-java.trap.gz (359 of 628)
[2023-08-16 14:35:42] Importing Time.members#57.0-1576056211000-java.trap.gz (360 of 628)
[2023-08-16 14:35:42] Importing Timestamp.members#57.0-1576056211000-java.trap.gz (361 of 628)
[2023-08-16 14:35:42] Importing Wrapper.members#57.0-1576056211000-java.trap.gz (362 of 628)
[2023-08-16 14:35:42] Importing AttributedCharacterIterator$Attribute.members#57.0-1576056211000-java.trap.gz (363 of 628)
[2023-08-16 14:35:42] Importing AttributedCharacterIterator.members#57.0-1576056211000-java.trap.gz (364 of 628)
[2023-08-16 14:35:42] Importing CharacterIterator.members#57.0-1576056211000-java.trap.gz (365 of 628)
[2023-08-16 14:35:42] Importing FieldPosition.members#57.0-1576056211000-java.trap.gz (366 of 628)
[2023-08-16 14:35:42] Importing Format$Field.members#57.0-1576056211000-java.trap.gz (367 of 628)
[2023-08-16 14:35:42] Importing Format$FieldDelegate.members#57.0-1576056211000-java.trap.gz (368 of 628)
[2023-08-16 14:35:42] Importing Format.members#57.0-1576056211000-java.trap.gz (369 of 628)
[2023-08-16 14:35:42] Importing ParseException.members#57.0-1576056211000-java.trap.gz (370 of 628)
[2023-08-16 14:35:42] Importing ParsePosition.members#57.0-1576056211000-java.trap.gz (371 of 628)
[2023-08-16 14:35:42] Importing Clock.members#57.0-1576056211000-java.trap.gz (372 of 628)
[2023-08-16 14:35:42] Importing DayOfWeek.members#57.0-1576056211000-java.trap.gz (373 of 628)
[2023-08-16 14:35:42] Importing Duration.members#57.0-1576056211000-java.trap.gz (374 of 628)
[2023-08-16 14:35:42] Importing Instant.members#57.0-1576056211000-java.trap.gz (375 of 628)
[2023-08-16 14:35:42] Importing LocalDate.members#57.0-1576056211000-java.trap.gz (376 of 628)
[2023-08-16 14:35:42] Importing LocalDateTime.members#57.0-1576056211000-java.trap.gz (377 of 628)
[2023-08-16 14:35:42] Importing LocalTime.members#57.0-1576056211000-java.trap.gz (378 of 628)
[2023-08-16 14:35:42] Importing Month.members#57.0-1576056211000-java.trap.gz (379 of 628)
[2023-08-16 14:35:42] Importing OffsetDateTime.members#57.0-1576056211000-java.trap.gz (380 of 628)
[2023-08-16 14:35:42] Importing OffsetTime.members#57.0-1576056211000-java.trap.gz (381 of 628)
[2023-08-16 14:35:42] Importing Period.members#57.0-1576056211000-java.trap.gz (382 of 628)
[2023-08-16 14:35:42] Importing ZoneId.members#57.0-1576056211000-java.trap.gz (383 of 628)
[2023-08-16 14:35:42] Importing ZoneOffset.members#57.0-1576056211000-java.trap.gz (384 of 628)
[2023-08-16 14:35:42] Importing ZonedDateTime.members#57.0-1576056211000-java.trap.gz (385 of 628)
[2023-08-16 14:35:42] Importing AbstractChronology.members#57.0-1576056211000-java.trap.gz (386 of 628)
[2023-08-16 14:35:42] Importing ChronoLocalDate.members#57.0-1576056211000-java.trap.gz (387 of 628)
[2023-08-16 14:35:42] Importing ChronoLocalDateTime.members#57.0-1576056211000-java.trap.gz (388 of 628)
[2023-08-16 14:35:42] Importing ChronoPeriod.members#57.0-1576056211000-java.trap.gz (389 of 628)
[2023-08-16 14:35:42] Importing ChronoZonedDateTime.members#57.0-1576056211000-java.trap.gz (390 of 628)
[2023-08-16 14:35:42] Importing Chronology.members#57.0-1576056211000-java.trap.gz (391 of 628)
[2023-08-16 14:35:42] Importing Era.members#57.0-1576056211000-java.trap.gz (392 of 628)
[2023-08-16 14:35:42] Importing IsoChronology.members#57.0-1576056211000-java.trap.gz (393 of 628)
[2023-08-16 14:35:42] Importing IsoEra.members#57.0-1576056211000-java.trap.gz (394 of 628)
[2023-08-16 14:35:42] Importing DateTimeFormatter.members#57.0-1576056211000-java.trap.gz (395 of 628)
[2023-08-16 14:35:42] Importing DateTimeFormatterBuilder$CompositePrinterParser.members#57.0-1576056211000-java.trap.gz (396 of 628)
[2023-08-16 14:35:42] Importing DateTimeFormatterBuilder$DateTimePrinterParser.members#57.0-1576056211000-java.trap.gz (397 of 628)
[2023-08-16 14:35:42] Importing DateTimeFormatterBuilder.members#57.0-1576056211000-java.trap.gz (398 of 628)
[2023-08-16 14:35:42] Importing DateTimeParseContext.members#57.0-1576056211000-java.trap.gz (399 of 628)
[2023-08-16 14:35:42] Importing DateTimePrintContext.members#57.0-1576056211000-java.trap.gz (400 of 628)
[2023-08-16 14:35:42] Importing DecimalStyle.members#57.0-1576056211000-java.trap.gz (401 of 628)
[2023-08-16 14:35:42] Importing FormatStyle.members#57.0-1576056211000-java.trap.gz (402 of 628)
[2023-08-16 14:35:42] Importing Parsed.members#57.0-1576056211000-java.trap.gz (403 of 628)
[2023-08-16 14:35:42] Importing ResolverStyle.members#57.0-1576056211000-java.trap.gz (404 of 628)
[2023-08-16 14:35:42] Importing SignStyle.members#57.0-1576056211000-java.trap.gz (405 of 628)
[2023-08-16 14:35:42] Importing TextStyle.members#57.0-1576056211000-java.trap.gz (406 of 628)
[2023-08-16 14:35:42] Importing ChronoField.members#57.0-1576056211000-java.trap.gz (407 of 628)
[2023-08-16 14:35:42] Importing ChronoUnit.members#57.0-1576056211000-java.trap.gz (408 of 628)
[2023-08-16 14:35:42] Importing Temporal.members#57.0-1576056211000-java.trap.gz (409 of 628)
[2023-08-16 14:35:42] Importing TemporalAccessor.members#57.0-1576056211000-java.trap.gz (410 of 628)
[2023-08-16 14:35:42] Importing TemporalAdjuster.members#57.0-1576056211000-java.trap.gz (411 of 628)
[2023-08-16 14:35:42] Importing TemporalAmount.members#57.0-1576056211000-java.trap.gz (412 of 628)
[2023-08-16 14:35:42] Importing TemporalField.members#57.0-1576056211000-java.trap.gz (413 of 628)
[2023-08-16 14:35:42] Importing TemporalQuery.members#57.0-1576056211000-java.trap.gz (414 of 628)
[2023-08-16 14:35:42] Importing TemporalUnit.members#57.0-1576056211000-java.trap.gz (415 of 628)
[2023-08-16 14:35:42] Importing ValueRange.members#57.0-1576056211000-java.trap.gz (416 of 628)
[2023-08-16 14:35:42] Importing ZoneOffsetTransition.members#57.0-1576056211000-java.trap.gz (417 of 628)
[2023-08-16 14:35:42] Importing ZoneOffsetTransitionRule$TimeDefinition.members#57.0-1576056211000-java.trap.gz (418 of 628)
[2023-08-16 14:35:42] Importing ZoneOffsetTransitionRule.members#57.0-1576056211000-java.trap.gz (419 of 628)
[2023-08-16 14:35:42] Importing ZoneRules.members#57.0-1576056211000-java.trap.gz (420 of 628)
[2023-08-16 14:35:42] Importing AbstractCollection.members#57.0-1576056211000-java.trap.gz (421 of 628)
[2023-08-16 14:35:42] Importing AbstractMap.members#57.0-1576056211000-java.trap.gz (422 of 628)
[2023-08-16 14:35:42] Importing AbstractSet.members#57.0-1576056211000-java.trap.gz (423 of 628)
[2023-08-16 14:35:42] Importing Calendar.members#57.0-1576056211000-java.trap.gz (424 of 628)
[2023-08-16 14:35:42] Importing Collection.members#57.0-1576056211000-java.trap.gz (425 of 628)
[2023-08-16 14:35:42] Importing Comparator.members#57.0-1576056211000-java.trap.gz (426 of 628)
[2023-08-16 14:35:42] Importing Date.members#57.0-1576056211000-java.trap.gz (427 of 628)
[2023-08-16 14:35:42] Importing Dictionary.members#57.0-1576056211000-java.trap.gz (428 of 628)
[2023-08-16 14:35:42] Importing DoubleSummaryStatistics.members#57.0-1576056211000-java.trap.gz (429 of 628)
[2023-08-16 14:35:42] Importing EnumSet.members#57.0-1576056211000-java.trap.gz (430 of 628)
[2023-08-16 14:35:42] Importing Enumeration.members#57.0-1576056211000-java.trap.gz (431 of 628)
[2023-08-16 14:35:42] Importing HashMap$Node.members#57.0-1576056211000-java.trap.gz (432 of 628)
[2023-08-16 14:35:42] Importing HashMap$TreeNode.members#57.0-1576056211000-java.trap.gz (433 of 628)
[2023-08-16 14:35:42] Importing HashMap.members#57.0-1576056211000-java.trap.gz (434 of 628)
[2023-08-16 14:35:42] Importing Hashtable.members#57.0-1576056211000-java.trap.gz (435 of 628)
[2023-08-16 14:35:42] Importing IntSummaryStatistics.members#57.0-1576056211000-java.trap.gz (436 of 628)
[2023-08-16 14:35:42] Importing InvalidPropertiesFormatException.members#57.0-1576056211000-java.trap.gz (437 of 628)
[2023-08-16 14:35:42] Importing Iterator.members#57.0-1576056211000-java.trap.gz (438 of 628)
[2023-08-16 14:35:42] Importing LinkedHashMap$Entry.members#57.0-1576056211000-java.trap.gz (439 of 628)
[2023-08-16 14:35:42] Importing LinkedHashMap.members#57.0-1576056211000-java.trap.gz (440 of 628)
[2023-08-16 14:35:42] Importing List.members#57.0-1576056211000-java.trap.gz (441 of 628)
[2023-08-16 14:35:42] Importing ListIterator.members#57.0-1576056211000-java.trap.gz (442 of 628)
[2023-08-16 14:35:42] Importing Locale$Category.members#57.0-1576056211000-java.trap.gz (443 of 628)
[2023-08-16 14:35:42] Importing Locale$FilteringMode.members#57.0-1576056211000-java.trap.gz (444 of 628)
[2023-08-16 14:35:42] Importing Locale$IsoCountryCode.members#57.0-1576056211000-java.trap.gz (445 of 628)
[2023-08-16 14:35:42] Importing Locale.members#57.0-1576056211000-java.trap.gz (447 of 628)
[2023-08-16 14:35:42] Importing Locale$LanguageRange.members#57.0-1576056211000-java.trap.gz (446 of 628)
[2023-08-16 14:35:42] Importing LongSummaryStatistics.members#57.0-1576056211000-java.trap.gz (448 of 628)
[2023-08-16 14:35:42] Importing Map$Entry.members#57.0-1576056211000-java.trap.gz (449 of 628)
[2023-08-16 14:35:42] Importing Map.members#57.0-1576056211000-java.trap.gz (450 of 628)
[2023-08-16 14:35:42] Importing MissingResourceException.members#57.0-1576056211000-java.trap.gz (451 of 628)
[2023-08-16 14:35:42] Importing Optional.members#57.0-1576056211000-java.trap.gz (452 of 628)
[2023-08-16 14:35:42] Importing OptionalDouble.members#57.0-1576056211000-java.trap.gz (453 of 628)
[2023-08-16 14:35:42] Importing OptionalInt.members#57.0-1576056211000-java.trap.gz (454 of 628)
[2023-08-16 14:35:42] Importing OptionalLong.members#57.0-1576056211000-java.trap.gz (455 of 628)
[2023-08-16 14:35:42] Importing PrimitiveIterator$OfDouble.members#57.0-1576056211000-java.trap.gz (456 of 628)
[2023-08-16 14:35:42] Importing PrimitiveIterator$OfInt.members#57.0-1576056211000-java.trap.gz (457 of 628)
[2023-08-16 14:35:42] Importing PrimitiveIterator$OfLong.members#57.0-1576056211000-java.trap.gz (458 of 628)
[2023-08-16 14:35:42] Importing PrimitiveIterator.members#57.0-1576056211000-java.trap.gz (459 of 628)
[2023-08-16 14:35:42] Importing Properties.members#57.0-1576056211000-java.trap.gz (460 of 628)
[2023-08-16 14:35:42] Importing Random.members#57.0-1576056211000-java.trap.gz (461 of 628)
[2023-08-16 14:35:42] Importing ResourceBundle$Control.members#57.0-1576056211000-java.trap.gz (462 of 628)
[2023-08-16 14:35:42] Importing ResourceBundle.members#57.0-1576056211000-java.trap.gz (463 of 628)
[2023-08-16 14:35:42] Importing Set.members#57.0-1576056211000-java.trap.gz (464 of 628)
[2023-08-16 14:35:42] Importing SortedMap.members#57.0-1576056211000-java.trap.gz (465 of 628)
[2023-08-16 14:35:42] Importing Spliterator$OfDouble.members#57.0-1576056211000-java.trap.gz (466 of 628)
[2023-08-16 14:35:42] Importing Spliterator$OfInt.members#57.0-1576056211000-java.trap.gz (467 of 628)
[2023-08-16 14:35:42] Importing Spliterator$OfLong.members#57.0-1576056211000-java.trap.gz (468 of 628)
[2023-08-16 14:35:42] Importing Spliterator$OfPrimitive.members#57.0-1576056211000-java.trap.gz (469 of 628)
[2023-08-16 14:35:42] Importing Spliterator.members#57.0-1576056211000-java.trap.gz (470 of 628)
[2023-08-16 14:35:42] Importing TimeZone.members#57.0-1576056211000-java.trap.gz (471 of 628)
[2023-08-16 14:35:42] Importing WeakHashMap$Entry.members#57.0-1576056211000-java.trap.gz (472 of 628)
[2023-08-16 14:35:42] Importing WeakHashMap.members#57.0-1576056211000-java.trap.gz (473 of 628)
[2023-08-16 14:35:42] Importing Callable.members#57.0-1576056211000-java.trap.gz (474 of 628)
[2023-08-16 14:35:42] Importing ConcurrentHashMap$CollectionView.members#57.0-1576056211000-java.trap.gz (475 of 628)
[2023-08-16 14:35:42] Importing ConcurrentHashMap$KeySetView.members#57.0-1576056211000-java.trap.gz (476 of 628)
[2023-08-16 14:35:42] Importing ConcurrentHashMap$Node.members#57.0-1576056211000-java.trap.gz (477 of 628)
[2023-08-16 14:35:42] Importing ConcurrentHashMap.members#57.0-1576056211000-java.trap.gz (478 of 628)
[2023-08-16 14:35:42] Importing ConcurrentMap.members#57.0-1576056211000-java.trap.gz (479 of 628)
[2023-08-16 14:35:42] Importing ExecutionException.members#57.0-1576056211000-java.trap.gz (480 of 628)
[2023-08-16 14:35:42] Importing Executor.members#57.0-1576056211000-java.trap.gz (481 of 628)
[2023-08-16 14:35:42] Importing ExecutorService.members#57.0-1576056211000-java.trap.gz (482 of 628)
[2023-08-16 14:35:42] Importing Future.members#57.0-1576056211000-java.trap.gz (483 of 628)
[2023-08-16 14:35:42] Importing ThreadFactory.members#57.0-1576056211000-java.trap.gz (484 of 628)
[2023-08-16 14:35:42] Importing TimeUnit.members#57.0-1576056211000-java.trap.gz (485 of 628)
[2023-08-16 14:35:42] Importing TimeoutException.members#57.0-1576056211000-java.trap.gz (486 of 628)
[2023-08-16 14:35:42] Importing BiConsumer.members#57.0-1576056211000-java.trap.gz (487 of 628)
[2023-08-16 14:35:42] Importing BiFunction.members#57.0-1576056211000-java.trap.gz (488 of 628)
[2023-08-16 14:35:42] Importing BinaryOperator.members#57.0-1576056211000-java.trap.gz (489 of 628)
[2023-08-16 14:35:42] Importing Consumer.members#57.0-1576056211000-java.trap.gz (490 of 628)
[2023-08-16 14:35:42] Importing DoubleBinaryOperator.members#57.0-1576056211000-java.trap.gz (491 of 628)
[2023-08-16 14:35:42] Importing DoubleConsumer.members#57.0-1576056211000-java.trap.gz (492 of 628)
[2023-08-16 14:35:42] Importing DoubleFunction.members#57.0-1576056211000-java.trap.gz (493 of 628)
[2023-08-16 14:35:42] Importing DoublePredicate.members#57.0-1576056211000-java.trap.gz (494 of 628)
[2023-08-16 14:35:42] Importing DoubleSupplier.members#57.0-1576056211000-java.trap.gz (495 of 628)
[2023-08-16 14:35:42] Importing DoubleToIntFunction.members#57.0-1576056211000-java.trap.gz (496 of 628)
[2023-08-16 14:35:42] Importing DoubleToLongFunction.members#57.0-1576056211000-java.trap.gz (497 of 628)
[2023-08-16 14:35:42] Importing DoubleUnaryOperator.members#57.0-1576056211000-java.trap.gz (498 of 628)
[2023-08-16 14:35:42] Importing Function.members#57.0-1576056211000-java.trap.gz (499 of 628)
[2023-08-16 14:35:42] Importing IntBinaryOperator.members#57.0-1576056211000-java.trap.gz (500 of 628)
[2023-08-16 14:35:42] Importing IntConsumer.members#57.0-1576056211000-java.trap.gz (501 of 628)
[2023-08-16 14:35:42] Importing IntFunction.members#57.0-1576056211000-java.trap.gz (502 of 628)
[2023-08-16 14:35:42] Importing IntPredicate.members#57.0-1576056211000-java.trap.gz (503 of 628)
[2023-08-16 14:35:42] Importing IntSupplier.members#57.0-1576056211000-java.trap.gz (504 of 628)
[2023-08-16 14:35:42] Importing IntToDoubleFunction.members#57.0-1576056211000-java.trap.gz (505 of 628)
[2023-08-16 14:35:42] Importing IntToLongFunction.members#57.0-1576056211000-java.trap.gz (506 of 628)
[2023-08-16 14:35:42] Importing IntUnaryOperator.members#57.0-1576056211000-java.trap.gz (507 of 628)
[2023-08-16 14:35:42] Importing LongBinaryOperator.members#57.0-1576056211000-java.trap.gz (508 of 628)
[2023-08-16 14:35:42] Importing LongConsumer.members#57.0-1576056211000-java.trap.gz (509 of 628)
[2023-08-16 14:35:42] Importing LongFunction.members#57.0-1576056211000-java.trap.gz (510 of 628)
[2023-08-16 14:35:42] Importing LongPredicate.members#57.0-1576056211000-java.trap.gz (511 of 628)
[2023-08-16 14:35:42] Importing LongSupplier.members#57.0-1576056211000-java.trap.gz (512 of 628)
[2023-08-16 14:35:42] Importing LongToDoubleFunction.members#57.0-1576056211000-java.trap.gz (513 of 628)
[2023-08-16 14:35:42] Importing LongToIntFunction.members#57.0-1576056211000-java.trap.gz (514 of 628)
[2023-08-16 14:35:42] Importing LongUnaryOperator.members#57.0-1576056211000-java.trap.gz (515 of 628)
[2023-08-16 14:35:42] Importing ObjDoubleConsumer.members#57.0-1576056211000-java.trap.gz (516 of 628)
[2023-08-16 14:35:42] Importing ObjIntConsumer.members#57.0-1576056211000-java.trap.gz (517 of 628)
[2023-08-16 14:35:42] Importing Predicate.members#57.0-1576056211000-java.trap.gz (519 of 628)
[2023-08-16 14:35:42] Importing ObjLongConsumer.members#57.0-1576056211000-java.trap.gz (518 of 628)
[2023-08-16 14:35:42] Importing Supplier.members#57.0-1576056211000-java.trap.gz (520 of 628)
[2023-08-16 14:35:42] Importing ToDoubleBiFunction.members#57.0-1576056211000-java.trap.gz (521 of 628)
[2023-08-16 14:35:42] Importing ToDoubleFunction.members#57.0-1576056211000-java.trap.gz (522 of 628)
[2023-08-16 14:35:42] Importing ToIntBiFunction.members#57.0-1576056211000-java.trap.gz (523 of 628)
[2023-08-16 14:35:42] Importing ToIntFunction.members#57.0-1576056211000-java.trap.gz (524 of 628)
[2023-08-16 14:35:42] Importing ToLongBiFunction.members#57.0-1576056211000-java.trap.gz (525 of 628)
[2023-08-16 14:35:42] Importing ToLongFunction.members#57.0-1576056211000-java.trap.gz (526 of 628)
[2023-08-16 14:35:42] Importing UnaryOperator.members#57.0-1576056211000-java.trap.gz (527 of 628)
[2023-08-16 14:35:42] Importing ErrorManager.members#57.0-1576056211000-java.trap.gz (528 of 628)
[2023-08-16 14:35:42] Importing Filter.members#57.0-1576056211000-java.trap.gz (529 of 628)
[2023-08-16 14:35:42] Importing Formatter.members#57.0-1576056211000-java.trap.gz (530 of 628)
[2023-08-16 14:35:42] Importing Handler.members#57.0-1576056211000-java.trap.gz (531 of 628)
[2023-08-16 14:35:42] Importing Level.members#57.0-1576056211000-java.trap.gz (532 of 628)
[2023-08-16 14:35:42] Importing LogManager$LogNode.members#57.0-1576056211000-java.trap.gz (533 of 628)
[2023-08-16 14:35:42] Importing LogManager$LoggerContext.members#57.0-1576056211000-java.trap.gz (534 of 628)
[2023-08-16 14:35:42] Importing LogManager$LoggerWeakRef.members#57.0-1576056211000-java.trap.gz (535 of 628)
[2023-08-16 14:35:42] Importing LogManager.members#57.0-1576056211000-java.trap.gz (536 of 628)
[2023-08-16 14:35:42] Importing LogRecord.members#57.0-1576056211000-java.trap.gz (537 of 628)
[2023-08-16 14:35:42] Importing Logger.members#57.0-1576056211000-java.trap.gz (538 of 628)
[2023-08-16 14:35:42] Importing LoggingMXBean.members#57.0-1576056211000-java.trap.gz (539 of 628)
[2023-08-16 14:35:42] Importing BaseStream.members#57.0-1576056211000-java.trap.gz (540 of 628)
[2023-08-16 14:35:42] Importing Collector$Characteristics.members#57.0-1576056211000-java.trap.gz (541 of 628)
[2023-08-16 14:35:42] Importing Collector.members#57.0-1576056211000-java.trap.gz (542 of 628)
[2023-08-16 14:35:42] Importing DoubleStream$Builder.members#57.0-1576056211000-java.trap.gz (543 of 628)
[2023-08-16 14:35:42] Importing DoubleStream.members#57.0-1576056211000-java.trap.gz (544 of 628)
[2023-08-16 14:35:42] Importing IntStream$Builder.members#57.0-1576056211000-java.trap.gz (545 of 628)
[2023-08-16 14:35:42] Importing IntStream.members#57.0-1576056211000-java.trap.gz (546 of 628)
[2023-08-16 14:35:42] Importing LongStream$Builder.members#57.0-1576056211000-java.trap.gz (547 of 628)
[2023-08-16 14:35:42] Importing LongStream.members#57.0-1576056211000-java.trap.gz (548 of 628)
[2023-08-16 14:35:42] Importing Stream$Builder.members#57.0-1576056211000-java.trap.gz (549 of 628)
[2023-08-16 14:35:42] Importing Stream.members#57.0-1576056211000-java.trap.gz (550 of 628)
[2023-08-16 14:35:42] Importing Subject.members#57.0-1576056211000-java.trap.gz (551 of 628)
[2023-08-16 14:35:42] Importing Result.members#57.0-1576056211000-java.trap.gz (552 of 628)
[2023-08-16 14:35:42] Importing Source.members#57.0-1576056211000-java.trap.gz (553 of 628)
[2023-08-16 14:35:42] Importing HotSpotIntrinsicCandidate.members#57.0-1576056211000-java.trap.gz (554 of 628)
[2023-08-16 14:35:42] Importing Unsafe.members#57.0-1576056211000-java.trap.gz (555 of 628)
[2023-08-16 14:35:42] Importing ServicesCatalog$ServiceProvider.members#57.0-1576056211000-java.trap.gz (556 of 628)
[2023-08-16 14:35:42] Importing ServicesCatalog.members#57.0-1576056211000-java.trap.gz (557 of 628)
[2023-08-16 14:35:42] Importing CleanerImpl.members#57.0-1576056211000-java.trap.gz (558 of 628)
[2023-08-16 14:35:42] Importing PhantomCleanable.members#57.0-1576056211000-java.trap.gz (559 of 628)
[2023-08-16 14:35:42] Importing SoftCleanable.members#57.0-1576056211000-java.trap.gz (560 of 628)
[2023-08-16 14:35:42] Importing WeakCleanable.members#57.0-1576056211000-java.trap.gz (561 of 628)
[2023-08-16 14:35:42] Importing CallerSensitive.members#57.0-1576056211000-java.trap.gz (562 of 628)
[2023-08-16 14:35:42] Importing ConstantPool$Tag.members#57.0-1576056211000-java.trap.gz (563 of 628)
[2023-08-16 14:35:42] Importing ConstantPool.members#57.0-1576056211000-java.trap.gz (564 of 628)
[2023-08-16 14:35:42] Importing ConstructorAccessor.members#57.0-1576056211000-java.trap.gz (565 of 628)
[2023-08-16 14:35:42] Importing FieldAccessor.members#57.0-1576056211000-java.trap.gz (566 of 628)
[2023-08-16 14:35:42] Importing LangReflectAccess.members#57.0-1576056211000-java.trap.gz (567 of 628)
[2023-08-16 14:35:42] Importing MethodAccessor.members#57.0-1576056211000-java.trap.gz (568 of 628)
[2023-08-16 14:35:42] Importing ReflectionFactory.members#57.0-1576056211000-java.trap.gz (569 of 628)
[2023-08-16 14:35:42] Importing Contended.members#57.0-1576056211000-java.trap.gz (570 of 628)
[2023-08-16 14:35:42] Importing DontInline.members#57.0-1576056211000-java.trap.gz (571 of 628)
[2023-08-16 14:35:42] Importing ForceInline.members#57.0-1576056211000-java.trap.gz (572 of 628)
[2023-08-16 14:35:42] Importing Hidden.members#57.0-1576056211000-java.trap.gz (573 of 628)
[2023-08-16 14:35:42] Importing Stable.members#57.0-1576056211000-java.trap.gz (574 of 628)
[2023-08-16 14:35:42] Importing Empty.members#57.0-1576056211000-java.trap.gz (575 of 628)
[2023-08-16 14:35:42] Importing Wrapper.members#57.0-1576056211000-java.trap.gz (576 of 628)
[2023-08-16 14:35:42] Importing Interruptible.members#57.0-1576056211000-java.trap.gz (577 of 628)
[2023-08-16 14:35:42] Importing AnnotationType.members#57.0-1576056211000-java.trap.gz (578 of 628)
[2023-08-16 14:35:42] Importing GenericsFactory.members#57.0-1576056211000-java.trap.gz (579 of 628)
[2023-08-16 14:35:42] Importing AbstractRepository.members#57.0-1576056211000-java.trap.gz (580 of 628)
[2023-08-16 14:35:42] Importing ConstructorRepository.members#57.0-1576056211000-java.trap.gz (581 of 628)
[2023-08-16 14:35:42] Importing GenericDeclRepository.members#57.0-1576056211000-java.trap.gz (582 of 628)
[2023-08-16 14:35:42] Importing MethodRepository.members#57.0-1576056211000-java.trap.gz (583 of 628)
[2023-08-16 14:35:42] Importing ArrayTypeSignature.members#57.0-1576056211000-java.trap.gz (584 of 628)
[2023-08-16 14:35:42] Importing BaseType.members#57.0-1576056211000-java.trap.gz (585 of 628)
[2023-08-16 14:35:42] Importing BooleanSignature.members#57.0-1576056211000-java.trap.gz (586 of 628)
[2023-08-16 14:35:42] Importing BottomSignature.members#57.0-1576056211000-java.trap.gz (587 of 628)
[2023-08-16 14:35:42] Importing ByteSignature.members#57.0-1576056211000-java.trap.gz (588 of 628)
[2023-08-16 14:35:42] Importing CharSignature.members#57.0-1576056211000-java.trap.gz (589 of 628)
[2023-08-16 14:35:42] Importing ClassSignature.members#57.0-1576056211000-java.trap.gz (590 of 628)
[2023-08-16 14:35:42] Importing ClassTypeSignature.members#57.0-1576056211000-java.trap.gz (591 of 628)
[2023-08-16 14:35:42] Importing DoubleSignature.members#57.0-1576056211000-java.trap.gz (592 of 628)
[2023-08-16 14:35:42] Importing FieldTypeSignature.members#57.0-1576056211000-java.trap.gz (593 of 628)
[2023-08-16 14:35:42] Importing FloatSignature.members#57.0-1576056211000-java.trap.gz (594 of 628)
[2023-08-16 14:35:42] Importing FormalTypeParameter.members#57.0-1576056211000-java.trap.gz (595 of 628)
[2023-08-16 14:35:42] Importing IntSignature.members#57.0-1576056211000-java.trap.gz (596 of 628)
[2023-08-16 14:35:42] Importing LongSignature.members#57.0-1576056211000-java.trap.gz (597 of 628)
[2023-08-16 14:35:42] Importing MethodTypeSignature.members#57.0-1576056211000-java.trap.gz (598 of 628)
[2023-08-16 14:35:42] Importing ReturnType.members#57.0-1576056211000-java.trap.gz (599 of 628)
[2023-08-16 14:35:42] Importing ShortSignature.members#57.0-1576056211000-java.trap.gz (600 of 628)
[2023-08-16 14:35:42] Importing Signature.members#57.0-1576056211000-java.trap.gz (601 of 628)
[2023-08-16 14:35:42] Importing SimpleClassTypeSignature.members#57.0-1576056211000-java.trap.gz (602 of 628)
[2023-08-16 14:35:42] Importing Tree.members#57.0-1576056211000-java.trap.gz (603 of 628)
[2023-08-16 14:35:42] Importing TypeArgument.members#57.0-1576056211000-java.trap.gz (604 of 628)
[2023-08-16 14:35:42] Importing TypeSignature.members#57.0-1576056211000-java.trap.gz (605 of 628)
[2023-08-16 14:35:42] Importing TypeTree.members#57.0-1576056211000-java.trap.gz (606 of 628)
[2023-08-16 14:35:42] Importing TypeVariableSignature.members#57.0-1576056211000-java.trap.gz (607 of 628)
[2023-08-16 14:35:42] Importing Wildcard.members#57.0-1576056211000-java.trap.gz (609 of 628)
[2023-08-16 14:35:42] Importing VoidDescriptor.members#57.0-1576056211000-java.trap.gz (608 of 628)
[2023-08-16 14:35:42] Importing Reifier.members#57.0-1576056211000-java.trap.gz (610 of 628)
[2023-08-16 14:35:42] Importing TypeTreeVisitor.members#57.0-1576056211000-java.trap.gz (611 of 628)
[2023-08-16 14:35:42] Importing Visitor.members#57.0-1576056211000-java.trap.gz (612 of 628)
[2023-08-16 14:35:42] Importing Debug.members#57.0-1576056211000-java.trap.gz (613 of 628)
[2023-08-16 14:35:42] Importing BaseLocale.members#57.0-1576056211000-java.trap.gz (614 of 628)
[2023-08-16 14:35:42] Importing Extension.members#57.0-1576056211000-java.trap.gz (615 of 628)
[2023-08-16 14:35:42] Importing InternalLocaleBuilder$CaseInsensitiveChar.members#57.0-1576056211000-java.trap.gz (616 of 628)
[2023-08-16 14:35:42] Importing InternalLocaleBuilder$CaseInsensitiveString.members#57.0-1576056211000-java.trap.gz (617 of 628)
[2023-08-16 14:35:42] Importing InternalLocaleBuilder.members#57.0-1576056211000-java.trap.gz (618 of 628)
[2023-08-16 14:35:42] Importing LanguageTag.members#57.0-1576056211000-java.trap.gz (619 of 628)
[2023-08-16 14:35:42] Importing LocaleExtensions.members#57.0-1576056211000-java.trap.gz (620 of 628)
[2023-08-16 14:35:42] Importing LocaleSyntaxException.members#57.0-1576056211000-java.trap.gz (621 of 628)
[2023-08-16 14:35:42] Importing ParseStatus.members#57.0-1576056211000-java.trap.gz (622 of 628)
[2023-08-16 14:35:42] Importing diagnostic.trap.gz (623 of 628)
[2023-08-16 14:35:42] Importing java.base.trap.gz (624 of 628)
[2023-08-16 14:35:42] Importing java.logging.trap.gz (625 of 628)
[2023-08-16 14:35:42] Importing java.sql.trap.gz (626 of 628)
[2023-08-16 14:35:42] Importing java.xml.trap.gz (627 of 628)
[2023-08-16 14:35:42] Importing sourceLocationPrefix.trap.gz (628 of 628)
[2023-08-16 14:35:42] Merging 8 fragments for packages.
[2023-08-16 14:35:42] Merging 8 fragments for files.
[2023-08-16 14:35:42] Merging 8 fragments for classes_or_interfaces.
[2023-08-16 14:35:42] Merging 8 fragments for folders.
[2023-08-16 14:35:42] Merging 8 fragments for containerparent.
[2023-08-16 14:35:42] Merging 8 fragments for cupackage.
[2023-08-16 14:35:42] Merging 8 fragments for cumodule.
[2023-08-16 14:35:42] Merging 8 fragments for isInterface.
[2023-08-16 14:35:42] Merging 8 fragments for locations_default.
[2023-08-16 14:35:42] Merging 8 fragments for hasLocation.
[2023-08-16 14:35:42] Merging 8 fragments for extendsReftype.
[2023-08-16 14:35:42] Merging 8 fragments for modifiers.
[2023-08-16 14:35:42] Merging 8 fragments for hasModifier.
[2023-08-16 14:35:42] Merging 8 fragments for methods.
[2023-08-16 14:35:42] Merging 8 fragments for exceptions.
[2023-08-16 14:35:42] Merging 8 fragments for primitives.
[2023-08-16 14:35:42] Merging 8 fragments for params.
[2023-08-16 14:35:42] Merging 8 fragments for arrays.
[2023-08-16 14:35:42] Merging 8 fragments for fields.
[2023-08-16 14:35:42] Merging 8 fragments for implInterface.
[2023-08-16 14:35:42] Merging 8 fragments for constrs.
[2023-08-16 14:35:42] Merging 8 fragments for enclInReftype.
[2023-08-16 14:35:42] Merging 8 fragments for isRaw.
[2023-08-16 14:35:42] Merging 8 fragments for erasure.
[2023-08-16 14:35:42] Merging 8 fragments for wildcards.
[2023-08-16 14:35:42] Merging 8 fragments for typeBounds.
[2023-08-16 14:35:42] Merging 8 fragments for typeArgs.
[2023-08-16 14:35:42] Merging 8 fragments for isParameterized.
[2023-08-16 14:35:42] Merging 8 fragments for exprs.
[2023-08-16 14:35:42] Merging 8 fragments for namestrings.
[2023-08-16 14:35:42] Merging 8 fragments for annotValue.
[2023-08-16 14:35:42] Merging 6 fragments for isAnnotType.
[2023-08-16 14:35:42] Merging 6 fragments for variableBinding.
[2023-08-16 14:35:42] Merging 8 fragments for typeVars.
[2023-08-16 14:35:42] Merging 8 fragments for isEnumType.
[2023-08-16 14:35:42] Merging 8 fragments for isEnumConst.
[2023-08-16 14:35:42] Merging 8 fragments for isVarargsParam.
[2023-08-16 14:35:42] Merging 4 fragments for isAnnotElem.
[2023-08-16 14:35:42] Merging 3 fragments for modules.
[2023-08-16 14:35:42] Merging 3 fragments for exports.
[2023-08-16 14:35:42] Merging 3 fragments for directives.
[2023-08-16 14:35:42] Merging 2 fragments for exportsTo.
[2023-08-16 14:35:42] Merging 3 fragments for uses.
[2023-08-16 14:35:42] Merging 2 fragments for provides.
[2023-08-16 14:35:42] Merging 2 fragments for providesWith.
[2023-08-16 14:35:42] Merging 2 fragments for requires.
[2023-08-16 14:35:42] Merging 1 fragment for isTransitive.
[2023-08-16 14:35:42] Merging 1 fragment for isDefConstr.
[2023-08-16 14:35:42] Merging 1 fragment for numlines.
[2023-08-16 14:35:42] Merging 1 fragment for imports.
[2023-08-16 14:35:42] Merging 1 fragment for stmts.
[2023-08-16 14:35:42] Merging 1 fragment for callableBinding.
[2023-08-16 14:35:42] Merging 1 fragment for callableEnclosingExpr.
[2023-08-16 14:35:42] Merging 1 fragment for statementEnclosingExpr.
[2023-08-16 14:35:42] Merging 1 fragment for localvars.
[2023-08-16 14:35:42] Merging 1 fragment for isParenthesized.
[2023-08-16 14:35:42] Merging 1 fragment for paramName.
[2023-08-16 14:35:42] Merging 1 fragment for compilations.
[2023-08-16 14:35:42] Merging 1 fragment for compilation_args.
[2023-08-16 14:35:42] Merging 1 fragment for compilation_expanded_args.
[2023-08-16 14:35:42] Merging 1 fragment for compilation_info.
[2023-08-16 14:35:42] Merging 1 fragment for compilation_time.
[2023-08-16 14:35:42] Merging 1 fragment for compilation_compiling_files.
[2023-08-16 14:35:42] Merging 1 fragment for compilation_compiling_files_completed.
[2023-08-16 14:35:42] Merging 1 fragment for compilation_finished.
[2023-08-16 14:35:42] Merging 1 fragment for sourceLocationPrefix.
[2023-08-16 14:35:42] Saving string and id pools to disk.
[2023-08-16 14:35:43] Finished importing trap files.
[2023-08-16 14:35:43] Pausing evaluation to close the cache at sequence stamp o+3
[2023-08-16 14:35:43] The disk cache is freshly trimmed; leave it be.
[2023-08-16 14:35:43] Unpausing evaluation
[2023-08-16 14:35:43] Plumbing command codeql dataset import completed.
[2023-08-16 14:35:43] [PROGRESS] database finalize> TRAP import complete (1.2s).
[2023-08-16 14:35:43] Running plumbing command: codeql database cleanup --mode=normal -- /Users/hohn/local/codeql-workshop-sql-injection-java/src/java-sqli-ddb5e54
[2023-08-16 14:35:43] [PROGRESS] database cleanup> Cleaning up existing TRAP files after import...
[2023-08-16 14:35:43] [PROGRESS] database cleanup> TRAP files cleaned up (272ms).
[2023-08-16 14:35:43] [PROGRESS] database cleanup> Cleaning up scratch directory...
[2023-08-16 14:35:43] [PROGRESS] database cleanup> Scratch directory cleaned up (4ms).
[2023-08-16 14:35:43] Running plumbing command: codeql dataset cleanup --mode=normal -- /Users/hohn/local/codeql-workshop-sql-injection-java/src/java-sqli-ddb5e54/db-java
[2023-08-16 14:35:43] [PROGRESS] dataset cleanup> Cleaning up dataset in /Users/hohn/local/codeql-workshop-sql-injection-java/src/java-sqli-ddb5e54/db-java.
[2023-08-16 14:35:43] Trimming disk cache at /Users/hohn/local/codeql-workshop-sql-injection-java/src/java-sqli-ddb5e54/db-java/default/cache in mode normal.
[2023-08-16 14:35:43] Sequence stamp origin is -6285848948751871464
[2023-08-16 14:35:43] Pausing evaluation to zealously trim disk at sequence stamp o+0
[2023-08-16 14:35:43] Unpausing evaluation
[2023-08-16 14:35:43] Trimming completed (1ms): Trimmed disposable data from cache.
[2023-08-16 14:35:43] Pausing evaluation to close the cache at sequence stamp o+1
[2023-08-16 14:35:43] The disk cache is freshly trimmed; leave it be.
[2023-08-16 14:35:43] Unpausing evaluation
[2023-08-16 14:35:43] [PROGRESS] dataset cleanup> Trimmed disposable data from cache.
[2023-08-16 14:35:43] [PROGRESS] dataset cleanup> Finalizing dataset in /Users/hohn/local/codeql-workshop-sql-injection-java/src/java-sqli-ddb5e54/db-java
[2023-08-16 14:35:43] [DETAILS] dataset cleanup> Finished deleting ID pool from /Users/hohn/local/codeql-workshop-sql-injection-java/src/java-sqli-ddb5e54/db-java (2ms).
[2023-08-16 14:35:43] Plumbing command codeql dataset cleanup completed.
[2023-08-16 14:35:43] Plumbing command codeql database cleanup completed with status 0.
[2023-08-16 14:35:43] Plumbing command codeql database finalize completed.
[2023-08-16 14:35:43] [PROGRESS] database create> Successfully created database at /Users/hohn/local/codeql-workshop-sql-injection-java/src/java-sqli-ddb5e54.
[2023-08-16 14:35:43] Terminating normally.
