[2023-08-17 09:32:02] This is codeql database cleanup java-sqli-ddb5e54/
[2023-08-17 09:32:02] Log file was started late.
[2023-08-17 09:32:02] [PROGRESS] database cleanup> Cleaning up existing TRAP files after import...
[2023-08-17 09:32:02] [PROGRESS] database cleanup> TRAP files cleaned up (5ms).
[2023-08-17 09:32:02] [PROGRESS] database cleanup> Cleaning up scratch directory...
[2023-08-17 09:32:02] [PROGRESS] database cleanup> Scratch directory cleaned up (0ms).
[2023-08-17 09:32:02] Running plumbing command: codeql dataset cleanup --mode=normal -- /Users/hohn/local/codeql-workshop-sql-injection-java/src/java-sqli-ddb5e54/db-java
[2023-08-17 09:32:02] [PROGRESS] dataset cleanup> Cleaning up dataset in /Users/hohn/local/codeql-workshop-sql-injection-java/src/java-sqli-ddb5e54/db-java.
[2023-08-17 09:32:02] Exception caught at top level: Error initializing the IMB disk cache: the cache directory is already locked by another running process. Only one instance of the IMB can access a cache directory at a time. The lock file is located at /Users/hohn/local/codeql-workshop-sql-injection-java/src/java-sqli-ddb5e54/db-java/default/cache/.lock
                      (eventual cause: OverlappingFileLockException)
                      com.semmle.inmemory.caching.RelationCacheImpl.takeFilesystemLock(RelationCacheImpl.java:354)
                      com.semmle.inmemory.caching.RelationCacheImpl.create(RelationCacheImpl.java:111)
                      com.semmle.inmemory.caching.RelationManager.trimDiskCache(RelationManager.java:194)
                      com.semmle.inmemory.MemoryBackend.trimDiskCache(MemoryBackend.java:568)
                      com.semmle.cli2.ql.dataset.CleanupDatasetCommand.executeSubcommand(CleanupDatasetCommand.java:48)
                      com.semmle.cli2.picocli.SubcommandCommon.lambda$executeSubcommandWithMessages$2(SubcommandCommon.java:645)
                      com.semmle.cli2.picocli.SubcommandCommon.withCompilationMessages(SubcommandCommon.java:412)
                      com.semmle.cli2.picocli.SubcommandCommon.executeSubcommandWithMessages(SubcommandCommon.java:643)
                      com.semmle.cli2.picocli.PlumbingRunner.run(PlumbingRunner.java:111)
                      com.semmle.cli2.picocli.SubcommandCommon.execPlumbingInProcess(SubcommandCommon.java:215)
                      com.semmle.cli2.database.CleanupDatabaseCommand.executeSubcommand(CleanupDatabaseCommand.java:91)
                      com.semmle.cli2.picocli.SubcommandCommon.lambda$executeSubcommandWithMessages$2(SubcommandCommon.java:645)
                      com.semmle.cli2.picocli.SubcommandCommon.withCompilationMessages(SubcommandCommon.java:412)
                      com.semmle.cli2.picocli.SubcommandCommon.executeSubcommandWithMessages(SubcommandCommon.java:643)
                      com.semmle.cli2.picocli.SubcommandCommon.call(SubcommandCommon.java:562)
                      com.semmle.cli2.picocli.SubcommandMaker.runMain(SubcommandMaker.java:223)
                      com.semmle.cli2.picocli.SubcommandMaker.runMain(SubcommandMaker.java:233)
                      com.semmle.cli2.CodeQL.main(CodeQL.java:113)
                      
                       ... caused by:
                      
                      java.nio.channels.OverlappingFileLockException
                      com.semmle.util.files.FileSystemLock.<init>(FileSystemLock.java:74)
                      com.semmle.inmemory.caching.RelationCacheImpl.takeFilesystemLock(RelationCacheImpl.java:350)
                      com.semmle.inmemory.caching.RelationCacheImpl.create(RelationCacheImpl.java:111)
                      com.semmle.inmemory.caching.RelationManager.trimDiskCache(RelationManager.java:194)
                      com.semmle.inmemory.MemoryBackend.trimDiskCache(MemoryBackend.java:568)
                      com.semmle.cli2.ql.dataset.CleanupDatasetCommand.executeSubcommand(CleanupDatasetCommand.java:48)
                      com.semmle.cli2.picocli.SubcommandCommon.lambda$executeSubcommandWithMessages$2(SubcommandCommon.java:645)
                      com.semmle.cli2.picocli.SubcommandCommon.withCompilationMessages(SubcommandCommon.java:412)
                      com.semmle.cli2.picocli.SubcommandCommon.executeSubcommandWithMessages(SubcommandCommon.java:643)
                      com.semmle.cli2.picocli.PlumbingRunner.run(PlumbingRunner.java:111)
                      com.semmle.cli2.picocli.SubcommandCommon.execPlumbingInProcess(SubcommandCommon.java:215)
                      com.semmle.cli2.database.CleanupDatabaseCommand.executeSubcommand(CleanupDatabaseCommand.java:91)
                      com.semmle.cli2.picocli.SubcommandCommon.lambda$executeSubcommandWithMessages$2(SubcommandCommon.java:645)
                      com.semmle.cli2.picocli.SubcommandCommon.withCompilationMessages(SubcommandCommon.java:412)
                      com.semmle.cli2.picocli.SubcommandCommon.executeSubcommandWithMessages(SubcommandCommon.java:643)
                      com.semmle.cli2.picocli.SubcommandCommon.call(SubcommandCommon.java:562)
                      com.semmle.cli2.picocli.SubcommandMaker.runMain(SubcommandMaker.java:223)
                      com.semmle.cli2.picocli.SubcommandMaker.runMain(SubcommandMaker.java:233)
                      com.semmle.cli2.CodeQL.main(CodeQL.java:113)
